Started GET "/" for 127.0.0.1 at 2017-06-21 00:23:52 -0400
Processing by Rails::WelcomeController#index as HTML
  Rendering /Users/huijiang/.rbenv/versions/2.4.0/lib/ruby/gems/2.4.0/gems/railties-5.1.1/lib/rails/templates/rails/welcome/index.html.erb
  Rendered /Users/huijiang/.rbenv/versions/2.4.0/lib/ruby/gems/2.4.0/gems/railties-5.1.1/lib/rails/templates/rails/welcome/index.html.erb (3.1ms)
Completed 200 OK in 165ms (Views: 7.1ms)


Started GET "/" for 127.0.0.1 at 2017-06-21 00:26:46 -0400
Processing by Rails::WelcomeController#index as HTML
  Rendering /Users/huijiang/.rbenv/versions/2.4.0/lib/ruby/gems/2.4.0/gems/railties-5.1.1/lib/rails/templates/rails/welcome/index.html.erb
  Rendered /Users/huijiang/.rbenv/versions/2.4.0/lib/ruby/gems/2.4.0/gems/railties-5.1.1/lib/rails/templates/rails/welcome/index.html.erb (3.1ms)
Completed 200 OK in 176ms (Views: 7.3ms)


Started GET "/" for 127.0.0.1 at 2017-06-21 00:26:48 -0400
Processing by Rails::WelcomeController#index as HTML
  Rendering /Users/huijiang/.rbenv/versions/2.4.0/lib/ruby/gems/2.4.0/gems/railties-5.1.1/lib/rails/templates/rails/welcome/index.html.erb
  Rendered /Users/huijiang/.rbenv/versions/2.4.0/lib/ruby/gems/2.4.0/gems/railties-5.1.1/lib/rails/templates/rails/welcome/index.html.erb (3.0ms)
Completed 200 OK in 8ms (Views: 5.2ms)


Started GET "/" for 127.0.0.1 at 2017-06-21 00:31:42 -0400
Processing by Rails::WelcomeController#index as HTML
  Rendering /Users/huijiang/.rbenv/versions/2.4.0/lib/ruby/gems/2.4.0/gems/railties-5.1.1/lib/rails/templates/rails/welcome/index.html.erb
  Rendered /Users/huijiang/.rbenv/versions/2.4.0/lib/ruby/gems/2.4.0/gems/railties-5.1.1/lib/rails/templates/rails/welcome/index.html.erb (3.1ms)
Completed 200 OK in 162ms (Views: 7.0ms)


Started GET "/" for 127.0.0.1 at 2017-06-21 00:31:46 -0400
Processing by Rails::WelcomeController#index as HTML
  Rendering /Users/huijiang/.rbenv/versions/2.4.0/lib/ruby/gems/2.4.0/gems/railties-5.1.1/lib/rails/templates/rails/welcome/index.html.erb
  Rendered /Users/huijiang/.rbenv/versions/2.4.0/lib/ruby/gems/2.4.0/gems/railties-5.1.1/lib/rails/templates/rails/welcome/index.html.erb (2.7ms)
Completed 200 OK in 8ms (Views: 5.4ms)


  [1m[35m (0.1ms)[0m  [1m[34mSELECT sqlite_version(*)[0m
  [1m[35m (1.8ms)[0m  [1m[35mCREATE TABLE "schema_migrations" ("version" varchar NOT NULL PRIMARY KEY)[0m
  [1m[35m (1.1ms)[0m  [1m[35mCREATE TABLE "ar_internal_metadata" ("key" varchar NOT NULL PRIMARY KEY, "value" varchar, "created_at" datetime NOT NULL, "updated_at" datetime NOT NULL)[0m
  [1m[35m (0.2ms)[0m  [1m[34mSELECT "schema_migrations"."version" FROM "schema_migrations" ORDER BY "schema_migrations"."version" ASC[0m
Migrating to CreateEvents (20170621135115)
  [1m[35m (0.1ms)[0m  [1m[36mbegin transaction[0m
  [1m[35m (0.4ms)[0m  [1m[35mCREATE TABLE "events" ("id" INTEGER PRIMARY KEY AUTOINCREMENT NOT NULL, "title" varchar, "note" varchar, "organizer_id" integer, "group_id" integer, "created_at" datetime NOT NULL, "updated_at" datetime NOT NULL)[0m
  [1m[35mSQL (0.2ms)[0m  [1m[32mINSERT INTO "schema_migrations" ("version") VALUES (?)[0m  [["version", "20170621135115"]]
  [1m[35m (0.9ms)[0m  [1m[36mcommit transaction[0m
Migrating to DeviseCreateUsers (20170621135557)
  [1m[35m (0.1ms)[0m  [1m[36mbegin transaction[0m
  [1m[35m (0.3ms)[0m  [1m[35mCREATE TABLE "users" ("id" INTEGER PRIMARY KEY AUTOINCREMENT NOT NULL, "name" varchar, "admin" boolean DEFAULT 'f', "email" varchar DEFAULT '' NOT NULL, "encrypted_password" varchar DEFAULT '' NOT NULL, "reset_password_token" varchar, "reset_password_sent_at" datetime, "remember_created_at" datetime, "sign_in_count" integer DEFAULT 0 NOT NULL, "current_sign_in_at" datetime, "last_sign_in_at" datetime, "current_sign_in_ip" varchar, "last_sign_in_ip" varchar, "created_at" datetime NOT NULL, "updated_at" datetime NOT NULL)[0m
  [1m[35m (0.1ms)[0m  [1m[35mCREATE UNIQUE INDEX "index_users_on_email" ON "users" ("email")[0m
  [1m[35m (0.1ms)[0m  [1m[34m            SELECT sql
            FROM sqlite_master
            WHERE name='index_users_on_email' AND type='index'
            UNION ALL
            SELECT sql
            FROM sqlite_temp_master
            WHERE name='index_users_on_email' AND type='index'
[0m
  [1m[35m (0.1ms)[0m  [1m[35mCREATE UNIQUE INDEX "index_users_on_reset_password_token" ON "users" ("reset_password_token")[0m
  [1m[35mSQL (0.1ms)[0m  [1m[32mINSERT INTO "schema_migrations" ("version") VALUES (?)[0m  [["version", "20170621135557"]]
  [1m[35m (1.2ms)[0m  [1m[36mcommit transaction[0m
Migrating to CreateParticipants (20170621135921)
  [1m[35m (0.1ms)[0m  [1m[36mbegin transaction[0m
  [1m[35m (0.4ms)[0m  [1m[35mCREATE TABLE "participants" ("id" INTEGER PRIMARY KEY AUTOINCREMENT NOT NULL, "event_id" integer, "user_id" integer, "going" varchar, "created_at" datetime NOT NULL, "updated_at" datetime NOT NULL)[0m
  [1m[35mSQL (0.1ms)[0m  [1m[32mINSERT INTO "schema_migrations" ("version") VALUES (?)[0m  [["version", "20170621135921"]]
  [1m[35m (1.2ms)[0m  [1m[36mcommit transaction[0m
Migrating to CreateItineraries (20170621140715)
  [1m[35m (0.1ms)[0m  [1m[36mbegin transaction[0m
  [1m[35m (0.0ms)[0m  [1m[31mrollback transaction[0m
  [1m[35m (0.1ms)[0m  [1m[34mSELECT "schema_migrations"."version" FROM "schema_migrations" ORDER BY "schema_migrations"."version" ASC[0m
Migrating to CreateItineraries (20170621140715)
  [1m[35m (0.1ms)[0m  [1m[36mbegin transaction[0m
  [1m[35m (0.1ms)[0m  [1m[34mSELECT sqlite_version(*)[0m
  [1m[35m (0.4ms)[0m  [1m[35mCREATE TABLE "itineraries" ("id" INTEGER PRIMARY KEY AUTOINCREMENT NOT NULL, "event_id" integer, "user_id" integer, "note" varchar, "location" varchar, "fun_time" datetime, "created_at" datetime NOT NULL, "updated_at" datetime NOT NULL)[0m
  [1m[35mSQL (0.1ms)[0m  [1m[32mINSERT INTO "schema_migrations" ("version") VALUES (?)[0m  [["version", "20170621140715"]]
  [1m[35m (2.4ms)[0m  [1m[36mcommit transaction[0m
Migrating to CreateComments (20170621141048)
  [1m[35m (0.1ms)[0m  [1m[36mbegin transaction[0m
  [1m[35m (0.3ms)[0m  [1m[35mCREATE TABLE "comments" ("id" INTEGER PRIMARY KEY AUTOINCREMENT NOT NULL, "event_id" integer, "user_id" integer, "created_at" datetime NOT NULL, "updated_at" datetime NOT NULL)[0m
  [1m[35mSQL (0.1ms)[0m  [1m[32mINSERT INTO "schema_migrations" ("version") VALUES (?)[0m  [["version", "20170621141048"]]
  [1m[35m (1.0ms)[0m  [1m[36mcommit transaction[0m
Migrating to CreateExpenses (20170621141408)
  [1m[35m (0.0ms)[0m  [1m[36mbegin transaction[0m
  [1m[35m (0.5ms)[0m  [1m[35mCREATE TABLE "expenses" ("id" INTEGER PRIMARY KEY AUTOINCREMENT NOT NULL, "event_id" integer, "user_id" integer, "note" varchar, "status" varchar, "created_at" datetime NOT NULL, "updated_at" datetime NOT NULL)[0m
  [1m[35mSQL (0.1ms)[0m  [1m[32mINSERT INTO "schema_migrations" ("version") VALUES (?)[0m  [["version", "20170621141408"]]
  [1m[35m (1.2ms)[0m  [1m[36mcommit transaction[0m
  [1m[36mActiveRecord::InternalMetadata Load (0.1ms)[0m  [1m[34mSELECT  "ar_internal_metadata".* FROM "ar_internal_metadata" WHERE "ar_internal_metadata"."key" = ? LIMIT ?[0m  [["key", "environment"], ["LIMIT", 1]]
  [1m[35m (0.0ms)[0m  [1m[36mbegin transaction[0m
  [1m[35mSQL (0.5ms)[0m  [1m[32mINSERT INTO "ar_internal_metadata" ("key", "value", "created_at", "updated_at") VALUES (?, ?, ?, ?)[0m  [["key", "environment"], ["value", "development"], ["created_at", "2017-06-21 14:29:29.291926"], ["updated_at", "2017-06-21 14:29:29.291926"]]
  [1m[35m (1.0ms)[0m  [1m[36mcommit transaction[0m
  [1m[35m (0.1ms)[0m  [1m[34mSELECT "schema_migrations"."version" FROM "schema_migrations" ORDER BY "schema_migrations"."version" ASC[0m
  [1m[35m (0.1ms)[0m  [1m[34m            SELECT sql
            FROM sqlite_master
            WHERE name='index_users_on_reset_password_token' AND type='index'
            UNION ALL
            SELECT sql
            FROM sqlite_temp_master
            WHERE name='index_users_on_reset_password_token' AND type='index'
[0m
  [1m[35m (0.1ms)[0m  [1m[34m            SELECT sql
            FROM sqlite_master
            WHERE name='index_users_on_email' AND type='index'
            UNION ALL
            SELECT sql
            FROM sqlite_temp_master
            WHERE name='index_users_on_email' AND type='index'
[0m
  [1m[35m (0.1ms)[0m  [1m[34mSELECT "schema_migrations"."version" FROM "schema_migrations" ORDER BY "schema_migrations"."version" ASC[0m
  [1m[35m (0.1ms)[0m  [1m[34mSELECT "schema_migrations"."version" FROM "schema_migrations" ORDER BY "schema_migrations"."version" ASC[0m
Migrating to CreateExpenses (20170621141408)
  [1m[35m (0.0ms)[0m  [1m[36mbegin transaction[0m
  [1m[35m (1.1ms)[0m  [1m[35mDROP TABLE "expenses"[0m
  [1m[35mSQL (0.2ms)[0m  [1m[31mDELETE FROM "schema_migrations" WHERE "schema_migrations"."version" = ?[0m  [["version", "20170621141408"]]
  [1m[35m (1.2ms)[0m  [1m[36mcommit transaction[0m
  [1m[35m (0.1ms)[0m  [1m[34mSELECT "schema_migrations"."version" FROM "schema_migrations" ORDER BY "schema_migrations"."version" ASC[0m
  [1m[35m (0.1ms)[0m  [1m[34m            SELECT sql
            FROM sqlite_master
            WHERE name='index_users_on_reset_password_token' AND type='index'
            UNION ALL
            SELECT sql
            FROM sqlite_temp_master
            WHERE name='index_users_on_reset_password_token' AND type='index'
[0m
  [1m[35m (0.1ms)[0m  [1m[34m            SELECT sql
            FROM sqlite_master
            WHERE name='index_users_on_email' AND type='index'
            UNION ALL
            SELECT sql
            FROM sqlite_temp_master
            WHERE name='index_users_on_email' AND type='index'
[0m
  [1m[35m (0.1ms)[0m  [1m[34mSELECT "schema_migrations"."version" FROM "schema_migrations" ORDER BY "schema_migrations"."version" ASC[0m
  [1m[35m (0.1ms)[0m  [1m[34mSELECT "schema_migrations"."version" FROM "schema_migrations" ORDER BY "schema_migrations"."version" ASC[0m
Migrating to CreateComments (20170621141048)
  [1m[35m (0.1ms)[0m  [1m[36mbegin transaction[0m
  [1m[35m (1.5ms)[0m  [1m[35mDROP TABLE "comments"[0m
  [1m[35mSQL (0.1ms)[0m  [1m[31mDELETE FROM "schema_migrations" WHERE "schema_migrations"."version" = ?[0m  [["version", "20170621141048"]]
  [1m[35m (2.5ms)[0m  [1m[36mcommit transaction[0m
  [1m[35m (0.1ms)[0m  [1m[34mSELECT "schema_migrations"."version" FROM "schema_migrations" ORDER BY "schema_migrations"."version" ASC[0m
  [1m[35m (0.2ms)[0m  [1m[34m            SELECT sql
            FROM sqlite_master
            WHERE name='index_users_on_reset_password_token' AND type='index'
            UNION ALL
            SELECT sql
            FROM sqlite_temp_master
            WHERE name='index_users_on_reset_password_token' AND type='index'
[0m
  [1m[35m (0.1ms)[0m  [1m[34m            SELECT sql
            FROM sqlite_master
            WHERE name='index_users_on_email' AND type='index'
            UNION ALL
            SELECT sql
            FROM sqlite_temp_master
            WHERE name='index_users_on_email' AND type='index'
[0m
  [1m[35m (0.1ms)[0m  [1m[34mSELECT "schema_migrations"."version" FROM "schema_migrations" ORDER BY "schema_migrations"."version" ASC[0m
Migrating to CreateComments (20170621141048)
  [1m[35m (0.1ms)[0m  [1m[36mbegin transaction[0m
  [1m[35m (0.1ms)[0m  [1m[34mSELECT sqlite_version(*)[0m
  [1m[35m (0.4ms)[0m  [1m[35mCREATE TABLE "comments" ("id" INTEGER PRIMARY KEY AUTOINCREMENT NOT NULL, "event_id" integer, "user_id" integer, "note" varchar, "created_at" datetime NOT NULL, "updated_at" datetime NOT NULL)[0m
  [1m[35mSQL (0.1ms)[0m  [1m[32mINSERT INTO "schema_migrations" ("version") VALUES (?)[0m  [["version", "20170621141048"]]
  [1m[35m (2.7ms)[0m  [1m[36mcommit transaction[0m
Migrating to CreateExpenses (20170621141408)
  [1m[35m (0.1ms)[0m  [1m[36mbegin transaction[0m
  [1m[35m (0.4ms)[0m  [1m[35mCREATE TABLE "expenses" ("id" INTEGER PRIMARY KEY AUTOINCREMENT NOT NULL, "event_id" integer, "user_id" integer, "note" varchar, "status" varchar, "created_at" datetime NOT NULL, "updated_at" datetime NOT NULL)[0m
  [1m[35mSQL (0.1ms)[0m  [1m[32mINSERT INTO "schema_migrations" ("version") VALUES (?)[0m  [["version", "20170621141408"]]
  [1m[35m (1.0ms)[0m  [1m[36mcommit transaction[0m
  [1m[36mActiveRecord::InternalMetadata Load (0.2ms)[0m  [1m[34mSELECT  "ar_internal_metadata".* FROM "ar_internal_metadata" WHERE "ar_internal_metadata"."key" = ? LIMIT ?[0m  [["key", "environment"], ["LIMIT", 1]]
  [1m[35m (0.1ms)[0m  [1m[36mbegin transaction[0m
  [1m[35m (0.0ms)[0m  [1m[36mcommit transaction[0m
  [1m[35m (0.2ms)[0m  [1m[34mSELECT "schema_migrations"."version" FROM "schema_migrations" ORDER BY "schema_migrations"."version" ASC[0m
  [1m[35m (0.1ms)[0m  [1m[34m            SELECT sql
            FROM sqlite_master
            WHERE name='index_users_on_reset_password_token' AND type='index'
            UNION ALL
            SELECT sql
            FROM sqlite_temp_master
            WHERE name='index_users_on_reset_password_token' AND type='index'
[0m
  [1m[35m (0.1ms)[0m  [1m[34m            SELECT sql
            FROM sqlite_master
            WHERE name='index_users_on_email' AND type='index'
            UNION ALL
            SELECT sql
            FROM sqlite_temp_master
            WHERE name='index_users_on_email' AND type='index'
[0m
  [1m[35m (0.1ms)[0m  [1m[34mSELECT "schema_migrations"."version" FROM "schema_migrations" ORDER BY "schema_migrations"."version" ASC[0m
  [1m[36mActiveRecord::InternalMetadata Load (0.1ms)[0m  [1m[34mSELECT  "ar_internal_metadata".* FROM "ar_internal_metadata" WHERE "ar_internal_metadata"."key" = ? LIMIT ?[0m  [["key", "environment"], ["LIMIT", 1]]
  [1m[35m (0.1ms)[0m  [1m[36mbegin transaction[0m
  [1m[35m (0.0ms)[0m  [1m[36mcommit transaction[0m
  [1m[35m (0.1ms)[0m  [1m[34mSELECT "schema_migrations"."version" FROM "schema_migrations" ORDER BY "schema_migrations"."version" ASC[0m
  [1m[35m (0.1ms)[0m  [1m[34m            SELECT sql
            FROM sqlite_master
            WHERE name='index_users_on_reset_password_token' AND type='index'
            UNION ALL
            SELECT sql
            FROM sqlite_temp_master
            WHERE name='index_users_on_reset_password_token' AND type='index'
[0m
  [1m[35m (0.1ms)[0m  [1m[34m            SELECT sql
            FROM sqlite_master
            WHERE name='index_users_on_email' AND type='index'
            UNION ALL
            SELECT sql
            FROM sqlite_temp_master
            WHERE name='index_users_on_email' AND type='index'
[0m
  [1m[35m (0.1ms)[0m  [1m[34mSELECT "schema_migrations"."version" FROM "schema_migrations" ORDER BY "schema_migrations"."version" ASC[0m
  [1m[35m (0.1ms)[0m  [1m[34mSELECT "schema_migrations"."version" FROM "schema_migrations" ORDER BY "schema_migrations"."version" ASC[0m
Migrating to CreateExpenses (20170621141408)
  [1m[35m (0.0ms)[0m  [1m[36mbegin transaction[0m
  [1m[35m (0.4ms)[0m  [1m[35mDROP TABLE "expenses"[0m
  [1m[35mSQL (0.1ms)[0m  [1m[31mDELETE FROM "schema_migrations" WHERE "schema_migrations"."version" = ?[0m  [["version", "20170621141408"]]
  [1m[35m (2.7ms)[0m  [1m[36mcommit transaction[0m
  [1m[35m (0.1ms)[0m  [1m[34mSELECT "schema_migrations"."version" FROM "schema_migrations" ORDER BY "schema_migrations"."version" ASC[0m
  [1m[35m (0.1ms)[0m  [1m[34m            SELECT sql
            FROM sqlite_master
            WHERE name='index_users_on_reset_password_token' AND type='index'
            UNION ALL
            SELECT sql
            FROM sqlite_temp_master
            WHERE name='index_users_on_reset_password_token' AND type='index'
[0m
  [1m[35m (0.1ms)[0m  [1m[34m            SELECT sql
            FROM sqlite_master
            WHERE name='index_users_on_email' AND type='index'
            UNION ALL
            SELECT sql
            FROM sqlite_temp_master
            WHERE name='index_users_on_email' AND type='index'
[0m
  [1m[35m (0.1ms)[0m  [1m[34mSELECT "schema_migrations"."version" FROM "schema_migrations" ORDER BY "schema_migrations"."version" ASC[0m
Migrating to CreateExpenses (20170621141408)
  [1m[35m (0.1ms)[0m  [1m[36mbegin transaction[0m
  [1m[35m (0.1ms)[0m  [1m[34mSELECT sqlite_version(*)[0m
  [1m[35m (0.4ms)[0m  [1m[35mCREATE TABLE "expenses" ("id" INTEGER PRIMARY KEY AUTOINCREMENT NOT NULL, "event_id" integer, "user_id" integer, "amount" float, "note" varchar, "status" varchar, "created_at" datetime NOT NULL, "updated_at" datetime NOT NULL)[0m
  [1m[35mSQL (0.1ms)[0m  [1m[32mINSERT INTO "schema_migrations" ("version") VALUES (?)[0m  [["version", "20170621141408"]]
  [1m[35m (2.6ms)[0m  [1m[36mcommit transaction[0m
  [1m[36mActiveRecord::InternalMetadata Load (0.1ms)[0m  [1m[34mSELECT  "ar_internal_metadata".* FROM "ar_internal_metadata" WHERE "ar_internal_metadata"."key" = ? LIMIT ?[0m  [["key", "environment"], ["LIMIT", 1]]
  [1m[35m (0.1ms)[0m  [1m[36mbegin transaction[0m
  [1m[35m (0.0ms)[0m  [1m[36mcommit transaction[0m
  [1m[35m (0.2ms)[0m  [1m[34mSELECT "schema_migrations"."version" FROM "schema_migrations" ORDER BY "schema_migrations"."version" ASC[0m
  [1m[35m (0.1ms)[0m  [1m[34m            SELECT sql
            FROM sqlite_master
            WHERE name='index_users_on_reset_password_token' AND type='index'
            UNION ALL
            SELECT sql
            FROM sqlite_temp_master
            WHERE name='index_users_on_reset_password_token' AND type='index'
[0m
  [1m[35m (0.1ms)[0m  [1m[34m            SELECT sql
            FROM sqlite_master
            WHERE name='index_users_on_email' AND type='index'
            UNION ALL
            SELECT sql
            FROM sqlite_temp_master
            WHERE name='index_users_on_email' AND type='index'
[0m
Started GET "/" for 127.0.0.1 at 2017-06-21 10:44:30 -0400
  [1m[35m (0.1ms)[0m  [1m[34mSELECT "schema_migrations"."version" FROM "schema_migrations" ORDER BY "schema_migrations"."version" ASC[0m
Processing by MainController#index as HTML
  Rendering main/index.html.erb within layouts/application
  Rendered main/index.html.erb within layouts/application (1.2ms)
  Rendered layouts/_navigation.html.erb (4.6ms) [cache miss]
Completed 200 OK in 500ms (Views: 490.3ms | ActiveRecord: 0.0ms)


Started GET "/" for 127.0.0.1 at 2017-06-21 10:45:02 -0400
Processing by MainController#index as HTML
  Rendering main/index.html.erb within layouts/application
  Rendered main/index.html.erb within layouts/application (0.4ms)
  Rendered layouts/_navigation.html.erb (0.8ms) [cache miss]
Completed 200 OK in 25ms (Views: 22.8ms | ActiveRecord: 0.0ms)


Started GET "/" for 127.0.0.1 at 2017-06-21 10:46:12 -0400
Processing by MainController#index as HTML
  Rendering main/index.html.erb within layouts/application
  Rendered main/index.html.erb within layouts/application (0.3ms)
  Rendered layouts/_navigation.html.erb (0.9ms) [cache miss]
Completed 200 OK in 23ms (Views: 21.1ms | ActiveRecord: 0.0ms)


Started GET "/" for 127.0.0.1 at 2017-06-21 10:47:54 -0400
Processing by MainController#index as HTML
  Rendering main/index.html.erb within layouts/application
  Rendered main/index.html.erb within layouts/application (0.3ms)
  Rendered layouts/_navigation.html.erb (0.8ms) [cache miss]
Completed 200 OK in 25ms (Views: 21.8ms | ActiveRecord: 0.0ms)


Started GET "/" for 127.0.0.1 at 2017-06-21 10:49:02 -0400
Processing by MainController#index as HTML
  Rendering main/index.html.erb within layouts/application
  Rendered main/index.html.erb within layouts/application (0.4ms)
  Rendered layouts/_navigation.html.erb (0.7ms) [cache miss]
Completed 200 OK in 22ms (Views: 19.9ms | ActiveRecord: 0.0ms)


Started GET "/" for 127.0.0.1 at 2017-06-21 10:55:00 -0400
Processing by MainController#index as HTML
  Rendering main/index.html.erb within layouts/application
  Rendered main/index.html.erb within layouts/application (0.4ms)
  Rendered layouts/_navigation.html.erb (0.7ms) [cache miss]
Completed 200 OK in 38ms (Views: 36.1ms | ActiveRecord: 0.0ms)


Started GET "/" for 127.0.0.1 at 2017-06-21 10:55:09 -0400
Processing by MainController#index as HTML
  Rendering main/index.html.erb within layouts/application
  Rendered main/index.html.erb within layouts/application (0.4ms)
  Rendered layouts/_navigation.html.erb (0.8ms) [cache miss]
Completed 200 OK in 23ms (Views: 20.7ms | ActiveRecord: 0.0ms)


Started GET "/" for 127.0.0.1 at 2017-06-21 10:58:23 -0400
Processing by MainController#index as HTML
  Rendering main/index.html.erb within layouts/application
  Rendered main/index.html.erb within layouts/application (0.3ms)
  Rendered layouts/_navigation.html.erb (0.9ms) [cache miss]
Completed 200 OK in 21ms (Views: 19.7ms | ActiveRecord: 0.0ms)


Started GET "/" for 127.0.0.1 at 2017-06-21 10:59:52 -0400
Processing by MainController#index as HTML
  Rendering main/index.html.erb within layouts/application
  Rendered main/index.html.erb within layouts/application (0.4ms)
  Rendered layouts/_navigation.html.erb (0.9ms) [cache miss]
Completed 200 OK in 22ms (Views: 20.7ms | ActiveRecord: 0.0ms)


Started GET "/" for 127.0.0.1 at 2017-06-21 11:01:41 -0400
Processing by MainController#index as HTML
  Rendering main/index.html.erb within layouts/application
  Rendered main/index.html.erb within layouts/application (0.6ms)
  Rendered layouts/_navigation.html.erb (1.2ms) [cache miss]
Completed 200 OK in 22ms (Views: 20.4ms | ActiveRecord: 0.0ms)


Started GET "/" for 127.0.0.1 at 2017-06-21 11:01:54 -0400
Processing by MainController#index as HTML
  Rendering main/index.html.erb within layouts/application
  Rendered main/index.html.erb within layouts/application (0.5ms)
  Rendered layouts/_navigation.html.erb (1.3ms) [cache miss]
Completed 200 OK in 24ms (Views: 22.0ms | ActiveRecord: 0.0ms)


Started GET "/" for 127.0.0.1 at 2017-06-21 11:02:10 -0400
Processing by MainController#index as HTML
  Rendering main/index.html.erb within layouts/application
  Rendered main/index.html.erb within layouts/application (0.3ms)
  Rendered layouts/_navigation.html.erb (0.8ms) [cache miss]
Completed 200 OK in 27ms (Views: 25.3ms | ActiveRecord: 0.0ms)


Started GET "/" for 127.0.0.1 at 2017-06-21 11:08:34 -0400
Processing by MainController#index as HTML
  Rendering main/index.html.erb within layouts/application
  Rendered main/index.html.erb within layouts/application (0.3ms)
  Rendered layouts/_navigation.html.erb (0.8ms) [cache miss]
Completed 200 OK in 22ms (Views: 20.3ms | ActiveRecord: 0.0ms)


Started GET "/" for 127.0.0.1 at 2017-06-21 11:10:10 -0400
Processing by MainController#index as HTML
  Rendering main/index.html.erb within layouts/application
  Rendered main/index.html.erb within layouts/application (0.4ms)
  Rendered layouts/_navigation.html.erb (0.9ms) [cache miss]
Completed 200 OK in 24ms (Views: 22.5ms | ActiveRecord: 0.0ms)


Started GET "/" for 127.0.0.1 at 2017-06-21 11:11:03 -0400
Processing by MainController#index as HTML
  Rendering main/index.html.erb within layouts/application
  Rendered main/index.html.erb within layouts/application (0.4ms)
  Rendered layouts/_navigation.html.erb (0.9ms) [cache miss]
Completed 200 OK in 23ms (Views: 21.1ms | ActiveRecord: 0.0ms)


Started GET "/" for 127.0.0.1 at 2017-06-21 11:12:20 -0400
Processing by MainController#index as HTML
  Rendering main/index.html.erb within layouts/application
  Rendered main/index.html.erb within layouts/application (0.4ms)
  Rendered layouts/_navigation.html.erb (0.8ms) [cache miss]
Completed 200 OK in 28ms (Views: 24.9ms | ActiveRecord: 0.0ms)


Started GET "/" for 127.0.0.1 at 2017-06-21 11:12:57 -0400
Processing by MainController#index as HTML
  Rendering main/index.html.erb within layouts/application
  Rendered main/index.html.erb within layouts/application (0.5ms)
  Rendered layouts/_navigation.html.erb (1.1ms) [cache miss]
Completed 200 OK in 28ms (Views: 26.0ms | ActiveRecord: 0.0ms)


Started GET "/" for 127.0.0.1 at 2017-06-21 11:13:51 -0400
Processing by MainController#index as HTML
  Rendering main/index.html.erb within layouts/application
  Rendered main/index.html.erb within layouts/application (0.8ms)
  Rendered layouts/_navigation.html.erb (1.1ms) [cache miss]
Completed 200 OK in 22ms (Views: 20.4ms | ActiveRecord: 0.0ms)


Started GET "/" for 127.0.0.1 at 2017-06-21 11:16:52 -0400
Processing by MainController#index as HTML
  Rendering main/index.html.erb within layouts/application
  Rendered main/index.html.erb within layouts/application (230.2ms)
Completed 500 Internal Server Error in 237ms (ActiveRecord: 0.0ms)


  
ActionView::Template::Error (undefined local variable or method `meetings_path' for #<#<Class:0x007fa7bc343b98>:0x007fa7bfe02d38>):
    2:     <div class="jumbotron">
    3:         <h1>Let's Go!</h1>
    4:         <p>This is a simple site to encourage meeting in person.</p>
    5:         <p><%= link_to "Check it out as a Guest", meetings_path, :class=>"btn btn-warning btn-lg"%></p>
    6:   	</div>
    7:  </div>
    8: 
  
app/views/main/index.html.erb:5:in `_app_views_main_index_html_erb__1317295278695961204_70179227704180'
Started GET "/" for 127.0.0.1 at 2017-06-21 11:18:48 -0400
Processing by MainController#index as HTML
  Rendering main/index.html.erb within layouts/application
  Rendered main/index.html.erb within layouts/application (0.6ms)
  Rendered layouts/_navigation.html.erb (0.8ms) [cache miss]
Completed 200 OK in 114ms (Views: 112.2ms)


Started GET "/events" for 127.0.0.1 at 2017-06-21 11:18:52 -0400
Processing by EventsController#index as HTML
  Rendering events/index.html.erb within layouts/application
  Rendered events/index.html.erb within layouts/application (0.4ms)
  Rendered layouts/_navigation.html.erb (0.9ms) [cache miss]
Completed 200 OK in 27ms (Views: 25.4ms)


Started GET "/users/sign_in" for 127.0.0.1 at 2017-06-21 11:20:06 -0400
Processing by Devise::SessionsController#new as HTML
  Rendering /Users/huijiang/.rbenv/versions/2.4.0/lib/ruby/gems/2.4.0/gems/devise-4.3.0/app/views/devise/sessions/new.html.erb within layouts/application
  Rendered /Users/huijiang/.rbenv/versions/2.4.0/lib/ruby/gems/2.4.0/gems/devise-4.3.0/app/views/devise/shared/_links.html.erb (1.2ms) [cache miss]
  Rendered /Users/huijiang/.rbenv/versions/2.4.0/lib/ruby/gems/2.4.0/gems/devise-4.3.0/app/views/devise/sessions/new.html.erb within layouts/application (30.4ms)
  Rendered layouts/_navigation.html.erb (0.7ms) [cache miss]
Completed 200 OK in 76ms (Views: 56.0ms | ActiveRecord: 1.3ms)


Started GET "/users/sign_up" for 127.0.0.1 at 2017-06-21 11:20:09 -0400
Processing by Devise::RegistrationsController#new as HTML
  Rendering /Users/huijiang/.rbenv/versions/2.4.0/lib/ruby/gems/2.4.0/gems/devise-4.3.0/app/views/devise/registrations/new.html.erb within layouts/application
  Rendered /Users/huijiang/.rbenv/versions/2.4.0/lib/ruby/gems/2.4.0/gems/devise-4.3.0/app/views/devise/shared/_links.html.erb (1.0ms) [cache miss]
  Rendered /Users/huijiang/.rbenv/versions/2.4.0/lib/ruby/gems/2.4.0/gems/devise-4.3.0/app/views/devise/registrations/new.html.erb within layouts/application (5.9ms)
  Rendered layouts/_navigation.html.erb (1.0ms) [cache miss]
Completed 200 OK in 38ms (Views: 36.8ms | ActiveRecord: 0.0ms)


Started GET "/users/sign_in" for 127.0.0.1 at 2017-06-21 11:20:16 -0400
Processing by Devise::SessionsController#new as HTML
  Rendering /Users/huijiang/.rbenv/versions/2.4.0/lib/ruby/gems/2.4.0/gems/devise-4.3.0/app/views/devise/sessions/new.html.erb within layouts/application
  Rendered /Users/huijiang/.rbenv/versions/2.4.0/lib/ruby/gems/2.4.0/gems/devise-4.3.0/app/views/devise/shared/_links.html.erb (1.2ms) [cache miss]
  Rendered /Users/huijiang/.rbenv/versions/2.4.0/lib/ruby/gems/2.4.0/gems/devise-4.3.0/app/views/devise/sessions/new.html.erb within layouts/application (8.1ms)
  Rendered layouts/_navigation.html.erb (0.9ms) [cache miss]
Completed 200 OK in 55ms (Views: 53.1ms | ActiveRecord: 0.0ms)


Started GET "/users/sign_up" for 127.0.0.1 at 2017-06-21 11:20:22 -0400
Processing by Devise::RegistrationsController#new as HTML
  Rendering /Users/huijiang/.rbenv/versions/2.4.0/lib/ruby/gems/2.4.0/gems/devise-4.3.0/app/views/devise/registrations/new.html.erb within layouts/application
  Rendered /Users/huijiang/.rbenv/versions/2.4.0/lib/ruby/gems/2.4.0/gems/devise-4.3.0/app/views/devise/shared/_links.html.erb (1.1ms) [cache miss]
  Rendered /Users/huijiang/.rbenv/versions/2.4.0/lib/ruby/gems/2.4.0/gems/devise-4.3.0/app/views/devise/registrations/new.html.erb within layouts/application (9.1ms)
  Rendered layouts/_navigation.html.erb (1.2ms) [cache miss]
Completed 200 OK in 56ms (Views: 54.9ms | ActiveRecord: 0.0ms)


Started GET "/users/sign_in" for 127.0.0.1 at 2017-06-21 11:20:49 -0400
Processing by Devise::SessionsController#new as HTML
  Rendering /Users/huijiang/.rbenv/versions/2.4.0/lib/ruby/gems/2.4.0/gems/devise-4.3.0/app/views/devise/sessions/new.html.erb within layouts/application
  Rendered /Users/huijiang/.rbenv/versions/2.4.0/lib/ruby/gems/2.4.0/gems/devise-4.3.0/app/views/devise/shared/_links.html.erb (2.2ms) [cache miss]
  Rendered /Users/huijiang/.rbenv/versions/2.4.0/lib/ruby/gems/2.4.0/gems/devise-4.3.0/app/views/devise/sessions/new.html.erb within layouts/application (9.3ms)
  Rendered layouts/_navigation.html.erb (1.2ms) [cache miss]
Completed 200 OK in 56ms (Views: 53.1ms | ActiveRecord: 0.0ms)


Started GET "/users/sign_up" for 127.0.0.1 at 2017-06-21 11:20:50 -0400
Processing by Devise::RegistrationsController#new as HTML
  Rendering /Users/huijiang/.rbenv/versions/2.4.0/lib/ruby/gems/2.4.0/gems/devise-4.3.0/app/views/devise/registrations/new.html.erb within layouts/application
  Rendered /Users/huijiang/.rbenv/versions/2.4.0/lib/ruby/gems/2.4.0/gems/devise-4.3.0/app/views/devise/shared/_links.html.erb (1.5ms) [cache miss]
  Rendered /Users/huijiang/.rbenv/versions/2.4.0/lib/ruby/gems/2.4.0/gems/devise-4.3.0/app/views/devise/registrations/new.html.erb within layouts/application (22.1ms)
  Rendered layouts/_navigation.html.erb (0.8ms) [cache miss]
Completed 200 OK in 65ms (Views: 63.3ms | ActiveRecord: 0.0ms)


Started POST "/users" for 127.0.0.1 at 2017-06-21 11:21:00 -0400
Processing by Devise::RegistrationsController#create as HTML
  Parameters: {"utf8"=>"✓", "authenticity_token"=>"T51HgbV/FW1YIHXPcT63hurEn0ESKyVh3W6WYvfEYXnAYT+0MjQFcXiRrgXbnqS50T40H5jCkwTaxSvUzDiTaQ==", "user"=>{"email"=>"user1@email.com", "password"=>"[FILTERED]", "password_confirmation"=>"[FILTERED]"}, "commit"=>"Sign up"}
  [1m[35m (0.1ms)[0m  [1m[36mbegin transaction[0m
  [1m[36mUser Exists (0.2ms)[0m  [1m[34mSELECT  1 AS one FROM "users" WHERE "users"."email" = ? LIMIT ?[0m  [["email", "user1@email.com"], ["LIMIT", 1]]
  [1m[35mSQL (0.5ms)[0m  [1m[32mINSERT INTO "users" ("email", "encrypted_password", "created_at", "updated_at") VALUES (?, ?, ?, ?)[0m  [["email", "user1@email.com"], ["encrypted_password", "$2a$11$p7zdbSfaedY/VKlDPN76EOVOwzQkbqUTb/5ohnyCrIqWeMfzY.cJ."], ["created_at", "2017-06-21 15:21:01.112682"], ["updated_at", "2017-06-21 15:21:01.112682"]]
  [1m[35m (1.3ms)[0m  [1m[36mcommit transaction[0m
  [1m[35m (0.0ms)[0m  [1m[36mbegin transaction[0m
  [1m[35mSQL (0.5ms)[0m  [1m[33mUPDATE "users" SET "sign_in_count" = ?, "current_sign_in_at" = ?, "last_sign_in_at" = ?, "current_sign_in_ip" = ?, "last_sign_in_ip" = ?, "updated_at" = ? WHERE "users"."id" = ?[0m  [["sign_in_count", 1], ["current_sign_in_at", "2017-06-21 15:21:01.116691"], ["last_sign_in_at", "2017-06-21 15:21:01.116691"], ["current_sign_in_ip", "127.0.0.1"], ["last_sign_in_ip", "127.0.0.1"], ["updated_at", "2017-06-21 15:21:01.117173"], ["id", 1]]
  [1m[35m (1.2ms)[0m  [1m[36mcommit transaction[0m
Redirected to http://localhost:3000/
Completed 302 Found in 170ms (ActiveRecord: 3.8ms)


Started GET "/" for 127.0.0.1 at 2017-06-21 11:21:01 -0400
Processing by MainController#index as HTML
  Rendering main/index.html.erb within layouts/application
  Rendered main/index.html.erb within layouts/application (0.5ms)
  [1m[36mUser Load (0.2ms)[0m  [1m[34mSELECT  "users".* FROM "users" WHERE "users"."id" = ? ORDER BY "users"."id" ASC LIMIT ?[0m  [["id", 1], ["LIMIT", 1]]
  Rendered layouts/_navigation.html.erb (2.7ms) [cache miss]
Completed 200 OK in 24ms (Views: 22.5ms | ActiveRecord: 0.2ms)


Started GET "/" for 127.0.0.1 at 2017-06-21 11:23:11 -0400
Processing by MainController#index as HTML
  Rendering main/index.html.erb within layouts/application
  Rendered main/index.html.erb within layouts/application (0.8ms)
  [1m[36mUser Load (0.2ms)[0m  [1m[34mSELECT  "users".* FROM "users" WHERE "users"."id" = ? ORDER BY "users"."id" ASC LIMIT ?[0m  [["id", 1], ["LIMIT", 1]]
  Rendered layouts/_navigation.html.erb (3.3ms)
Completed 500 Internal Server Error in 31ms (ActiveRecord: 0.2ms)


  
ActionView::Template::Error (No route matches {:action=>"show", :controller=>"users"}, missing required keys: [:id]):
     9: 	                      <span class="icon-bar"></span>
    10: 	                    </button>
    11: 				<% if user_signed_in? %>
    12: 				  <%= link_to "Home", user_path, :class => "navbar-brand"%>
    13: 				  <%= link_to "Sign out", destroy_user_session_path, method: :delete , :class => "navbar-brand"%>
    14: 				<% else %>
    15: 				  <%= link_to "Sign in", new_user_session_path, :class => "navbar-brand"%>
  
app/views/layouts/_navigation.html.erb:12:in `_app_views_layouts__navigation_html_erb___2753868312049465881_70179238353500'
app/views/layouts/application.html.erb:13:in `_app_views_layouts_application_html_erb__4221437112589630741_70179227457840'
Started GET "/" for 127.0.0.1 at 2017-06-21 11:23:42 -0400
Processing by MainController#index as HTML
  Rendering main/index.html.erb within layouts/application
  Rendered main/index.html.erb within layouts/application (0.7ms)
  [1m[36mUser Load (0.2ms)[0m  [1m[34mSELECT  "users".* FROM "users" WHERE "users"."id" = ? ORDER BY "users"."id" ASC LIMIT ?[0m  [["id", 1], ["LIMIT", 1]]
  Rendered layouts/_navigation.html.erb (1.8ms) [cache miss]
Completed 200 OK in 31ms (Views: 28.2ms | ActiveRecord: 0.2ms)


Started GET "/users/1" for 127.0.0.1 at 2017-06-21 11:23:45 -0400
  
AbstractController::ActionNotFound (The action 'show' could not be found for UsersController):
  
actionpack (5.1.1) lib/abstract_controller/base.rb:119:in `process'
actionview (5.1.1) lib/action_view/rendering.rb:30:in `process'
actionpack (5.1.1) lib/action_controller/metal.rb:189:in `dispatch'
actionpack (5.1.1) lib/action_controller/metal.rb:253:in `dispatch'
actionpack (5.1.1) lib/action_dispatch/routing/route_set.rb:49:in `dispatch'
actionpack (5.1.1) lib/action_dispatch/routing/route_set.rb:31:in `serve'
actionpack (5.1.1) lib/action_dispatch/journey/router.rb:46:in `block in serve'
actionpack (5.1.1) lib/action_dispatch/journey/router.rb:33:in `each'
actionpack (5.1.1) lib/action_dispatch/journey/router.rb:33:in `serve'
actionpack (5.1.1) lib/action_dispatch/routing/route_set.rb:832:in `call'
warden (1.2.7) lib/warden/manager.rb:36:in `block in call'
warden (1.2.7) lib/warden/manager.rb:35:in `catch'
warden (1.2.7) lib/warden/manager.rb:35:in `call'
rack (2.0.3) lib/rack/etag.rb:25:in `call'
rack (2.0.3) lib/rack/conditional_get.rb:25:in `call'
rack (2.0.3) lib/rack/head.rb:12:in `call'
rack (2.0.3) lib/rack/session/abstract/id.rb:232:in `context'
rack (2.0.3) lib/rack/session/abstract/id.rb:226:in `call'
actionpack (5.1.1) lib/action_dispatch/middleware/cookies.rb:613:in `call'
activerecord (5.1.1) lib/active_record/migration.rb:556:in `call'
actionpack (5.1.1) lib/action_dispatch/middleware/callbacks.rb:26:in `block in call'
activesupport (5.1.1) lib/active_support/callbacks.rb:97:in `run_callbacks'
actionpack (5.1.1) lib/action_dispatch/middleware/callbacks.rb:24:in `call'
actionpack (5.1.1) lib/action_dispatch/middleware/executor.rb:12:in `call'
actionpack (5.1.1) lib/action_dispatch/middleware/debug_exceptions.rb:59:in `call'
web-console (3.5.1) lib/web_console/middleware.rb:135:in `call_app'
web-console (3.5.1) lib/web_console/middleware.rb:28:in `block in call'
web-console (3.5.1) lib/web_console/middleware.rb:18:in `catch'
web-console (3.5.1) lib/web_console/middleware.rb:18:in `call'
actionpack (5.1.1) lib/action_dispatch/middleware/show_exceptions.rb:31:in `call'
railties (5.1.1) lib/rails/rack/logger.rb:36:in `call_app'
railties (5.1.1) lib/rails/rack/logger.rb:24:in `block in call'
activesupport (5.1.1) lib/active_support/tagged_logging.rb:69:in `block in tagged'
activesupport (5.1.1) lib/active_support/tagged_logging.rb:26:in `tagged'
activesupport (5.1.1) lib/active_support/tagged_logging.rb:69:in `tagged'
railties (5.1.1) lib/rails/rack/logger.rb:24:in `call'
sprockets-rails (3.2.0) lib/sprockets/rails/quiet_assets.rb:13:in `call'
actionpack (5.1.1) lib/action_dispatch/middleware/remote_ip.rb:79:in `call'
actionpack (5.1.1) lib/action_dispatch/middleware/request_id.rb:25:in `call'
rack (2.0.3) lib/rack/method_override.rb:22:in `call'
rack (2.0.3) lib/rack/runtime.rb:22:in `call'
activesupport (5.1.1) lib/active_support/cache/strategy/local_cache_middleware.rb:27:in `call'
actionpack (5.1.1) lib/action_dispatch/middleware/executor.rb:12:in `call'
actionpack (5.1.1) lib/action_dispatch/middleware/static.rb:125:in `call'
rack (2.0.3) lib/rack/sendfile.rb:111:in `call'
railties (5.1.1) lib/rails/engine.rb:522:in `call'
puma (3.9.1) lib/puma/configuration.rb:224:in `call'
puma (3.9.1) lib/puma/server.rb:602:in `handle_request'
puma (3.9.1) lib/puma/server.rb:435:in `process_client'
puma (3.9.1) lib/puma/server.rb:299:in `block in run'
puma (3.9.1) lib/puma/thread_pool.rb:120:in `block in spawn_thread'
Started GET "/users/1" for 127.0.0.1 at 2017-06-21 11:24:10 -0400
Processing by UsersController#show as HTML
  Parameters: {"id"=>"1"}
  Rendering users/show.html.erb within layouts/application
  Rendered users/show.html.erb within layouts/application (0.6ms)
  [1m[36mUser Load (0.6ms)[0m  [1m[34mSELECT  "users".* FROM "users" WHERE "users"."id" = ? ORDER BY "users"."id" ASC LIMIT ?[0m  [["id", 1], ["LIMIT", 1]]
  Rendered layouts/_navigation.html.erb (2.5ms) [cache miss]
Completed 200 OK in 28ms (Views: 25.8ms | ActiveRecord: 0.6ms)


Started GET "/users/1" for 127.0.0.1 at 2017-06-21 11:27:02 -0400
  [1m[35m (0.2ms)[0m  [1m[34mSELECT "schema_migrations"."version" FROM "schema_migrations" ORDER BY "schema_migrations"."version" ASC[0m
Processing by UsersController#show as HTML
  Parameters: {"id"=>"1"}
  Rendering users/show.html.erb within layouts/application
  Rendered users/show.html.erb within layouts/application (1.4ms)
  [1m[36mUser Load (0.2ms)[0m  [1m[34mSELECT  "users".* FROM "users" WHERE "users"."id" = ? ORDER BY "users"."id" ASC LIMIT ?[0m  [["id", 1], ["LIMIT", 1]]
  Rendered layouts/_navigation.html.erb (17.9ms) [cache miss]
Completed 200 OK in 275ms (Views: 264.3ms | ActiveRecord: 0.7ms)


Started DELETE "/users/sign_out" for 127.0.0.1 at 2017-06-21 11:27:05 -0400
Processing by Devise::SessionsController#destroy as HTML
  Parameters: {"authenticity_token"=>"As8E1qURmT7fNIv4CnEbUl+nOkSGh3B9/0PnnGX84tRicE+zvBXxRjVDSh9Ujhqboosfu+MSfz8GPSCyVQsvfg=="}
  [1m[36mUser Load (0.2ms)[0m  [1m[34mSELECT  "users".* FROM "users" WHERE "users"."id" = ? ORDER BY "users"."id" ASC LIMIT ?[0m  [["id", 1], ["LIMIT", 1]]
  [1m[35m (0.1ms)[0m  [1m[36mbegin transaction[0m
  [1m[35m (0.0ms)[0m  [1m[36mcommit transaction[0m
Redirected to http://localhost:3000/
Completed 302 Found in 14ms (ActiveRecord: 0.4ms)


Started GET "/" for 127.0.0.1 at 2017-06-21 11:27:05 -0400
Processing by MainController#index as HTML
  Rendering main/index.html.erb within layouts/application
  Rendered main/index.html.erb within layouts/application (1.0ms)
  Rendered layouts/_navigation.html.erb (4.3ms) [cache miss]
Completed 200 OK in 34ms (Views: 32.3ms | ActiveRecord: 0.0ms)


Started GET "/events" for 127.0.0.1 at 2017-06-21 11:27:06 -0400
Processing by EventsController#index as HTML
  Rendering events/index.html.erb within layouts/application
  Rendered events/index.html.erb within layouts/application (0.3ms)
  Rendered layouts/_navigation.html.erb (0.9ms) [cache miss]
Completed 200 OK in 27ms (Views: 23.6ms | ActiveRecord: 0.0ms)


Started GET "/" for 127.0.0.1 at 2017-06-21 11:35:51 -0400
Processing by MainController#index as HTML
  Rendering main/index.html.erb within layouts/application
  Rendered main/index.html.erb within layouts/application (0.5ms)
  Rendered layouts/_navigation.html.erb (1.4ms) [cache miss]
Completed 200 OK in 33ms (Views: 30.0ms | ActiveRecord: 0.0ms)


Started GET "/users/sign_in" for 127.0.0.1 at 2017-06-21 11:35:56 -0400
Processing by Devise::SessionsController#new as HTML
  Rendering /Users/huijiang/.rbenv/versions/2.4.0/lib/ruby/gems/2.4.0/gems/devise-4.3.0/app/views/devise/sessions/new.html.erb within layouts/application
  Rendered /Users/huijiang/.rbenv/versions/2.4.0/lib/ruby/gems/2.4.0/gems/devise-4.3.0/app/views/devise/shared/_links.html.erb (2.2ms) [cache miss]
  Rendered /Users/huijiang/.rbenv/versions/2.4.0/lib/ruby/gems/2.4.0/gems/devise-4.3.0/app/views/devise/sessions/new.html.erb within layouts/application (20.4ms)
  Rendered layouts/_navigation.html.erb (0.9ms) [cache miss]
Completed 200 OK in 76ms (Views: 71.9ms | ActiveRecord: 0.0ms)


Started GET "/users/sign_up" for 127.0.0.1 at 2017-06-21 11:35:57 -0400
Processing by Devise::RegistrationsController#new as HTML
  Rendering /Users/huijiang/.rbenv/versions/2.4.0/lib/ruby/gems/2.4.0/gems/devise-4.3.0/app/views/devise/registrations/new.html.erb within layouts/application
  Rendered /Users/huijiang/.rbenv/versions/2.4.0/lib/ruby/gems/2.4.0/gems/devise-4.3.0/app/views/devise/shared/_links.html.erb (3.0ms) [cache miss]
  Rendered /Users/huijiang/.rbenv/versions/2.4.0/lib/ruby/gems/2.4.0/gems/devise-4.3.0/app/views/devise/registrations/new.html.erb within layouts/application (14.6ms)
  Rendered layouts/_navigation.html.erb (2.3ms) [cache miss]
Completed 200 OK in 69ms (Views: 67.6ms | ActiveRecord: 0.0ms)


Started GET "/events" for 127.0.0.1 at 2017-06-21 11:36:00 -0400
Processing by EventsController#index as HTML
  Rendering events/index.html.erb within layouts/application
  Rendered events/index.html.erb within layouts/application (0.4ms)
  Rendered layouts/_navigation.html.erb (1.0ms) [cache miss]
Completed 200 OK in 46ms (Views: 35.4ms | ActiveRecord: 0.0ms)


Started GET "/events" for 127.0.0.1 at 2017-06-21 11:38:14 -0400
Processing by EventsController#index as HTML
  Rendering events/index.html.erb within layouts/application
  Rendered events/index.html.erb within layouts/application (1.5ms)
  Rendered layouts/_navigation.html.erb (1.7ms) [cache miss]
Completed 200 OK in 48ms (Views: 34.7ms)


Started GET "/events/new" for 127.0.0.1 at 2017-06-21 11:38:16 -0400
Processing by EventsController#new as HTML
  Rendering events/new.html.erb within layouts/application
  Rendered events/new.html.erb within layouts/application (0.4ms)
  Rendered layouts/_navigation.html.erb (1.0ms) [cache miss]
Completed 200 OK in 31ms (Views: 29.3ms)


Started GET "/events/new" for 127.0.0.1 at 2017-06-21 11:41:59 -0400
Processing by EventsController#new as HTML
  Rendering events/new.html.erb within layouts/application
  Rendered events/_form.html.erb (12.3ms)
  Rendered events/new.html.erb within layouts/application (14.3ms)
Completed 500 Internal Server Error in 38ms (ActiveRecord: 0.9ms)


  
ActionView::Template::Error (undefined method `time' for #<Event:0x007fbbc44b9010>):
    1: <%= form_for(@event) do |f| %>
    2: 
    3:   <div class="field"> <%= f.label :title %><br>
    4:   <%= f.text_field :time %></div>
    5: 
    6:   <div class="field"> <%= f.label :organizer %><br>
    7:   <%= f.text_field :organizer %></div>
  
app/views/events/_form.html.erb:4:in `block in _app_views_events__form_html_erb__229472797568618980_70222184782880'
app/views/events/_form.html.erb:1:in `_app_views_events__form_html_erb__229472797568618980_70222184782880'
app/views/events/new.html.erb:4:in `_app_views_events_new_html_erb__1727032322399142130_70222213236940'
Started GET "/events/new" for 127.0.0.1 at 2017-06-21 11:42:10 -0400
Processing by EventsController#new as HTML
  Rendering events/new.html.erb within layouts/application
  Rendered events/_form.html.erb (23.0ms) [cache miss]
  Rendered events/new.html.erb within layouts/application (36.6ms)
  Rendered layouts/_navigation.html.erb (1.1ms) [cache miss]
Completed 200 OK in 84ms (Views: 81.1ms | ActiveRecord: 0.0ms)


Started POST "/events" for 127.0.0.1 at 2017-06-21 11:43:01 -0400
  
AbstractController::ActionNotFound (The action 'create' could not be found for EventsController):
  
actionpack (5.1.1) lib/abstract_controller/base.rb:119:in `process'
actionview (5.1.1) lib/action_view/rendering.rb:30:in `process'
actionpack (5.1.1) lib/action_controller/metal.rb:189:in `dispatch'
actionpack (5.1.1) lib/action_controller/metal.rb:253:in `dispatch'
actionpack (5.1.1) lib/action_dispatch/routing/route_set.rb:49:in `dispatch'
actionpack (5.1.1) lib/action_dispatch/routing/route_set.rb:31:in `serve'
actionpack (5.1.1) lib/action_dispatch/journey/router.rb:46:in `block in serve'
actionpack (5.1.1) lib/action_dispatch/journey/router.rb:33:in `each'
actionpack (5.1.1) lib/action_dispatch/journey/router.rb:33:in `serve'
actionpack (5.1.1) lib/action_dispatch/routing/route_set.rb:832:in `call'
warden (1.2.7) lib/warden/manager.rb:36:in `block in call'
warden (1.2.7) lib/warden/manager.rb:35:in `catch'
warden (1.2.7) lib/warden/manager.rb:35:in `call'
rack (2.0.3) lib/rack/etag.rb:25:in `call'
rack (2.0.3) lib/rack/conditional_get.rb:38:in `call'
rack (2.0.3) lib/rack/head.rb:12:in `call'
rack (2.0.3) lib/rack/session/abstract/id.rb:232:in `context'
rack (2.0.3) lib/rack/session/abstract/id.rb:226:in `call'
actionpack (5.1.1) lib/action_dispatch/middleware/cookies.rb:613:in `call'
activerecord (5.1.1) lib/active_record/migration.rb:556:in `call'
actionpack (5.1.1) lib/action_dispatch/middleware/callbacks.rb:26:in `block in call'
activesupport (5.1.1) lib/active_support/callbacks.rb:97:in `run_callbacks'
actionpack (5.1.1) lib/action_dispatch/middleware/callbacks.rb:24:in `call'
actionpack (5.1.1) lib/action_dispatch/middleware/executor.rb:12:in `call'
actionpack (5.1.1) lib/action_dispatch/middleware/debug_exceptions.rb:59:in `call'
web-console (3.5.1) lib/web_console/middleware.rb:135:in `call_app'
web-console (3.5.1) lib/web_console/middleware.rb:28:in `block in call'
web-console (3.5.1) lib/web_console/middleware.rb:18:in `catch'
web-console (3.5.1) lib/web_console/middleware.rb:18:in `call'
actionpack (5.1.1) lib/action_dispatch/middleware/show_exceptions.rb:31:in `call'
railties (5.1.1) lib/rails/rack/logger.rb:36:in `call_app'
railties (5.1.1) lib/rails/rack/logger.rb:24:in `block in call'
activesupport (5.1.1) lib/active_support/tagged_logging.rb:69:in `block in tagged'
activesupport (5.1.1) lib/active_support/tagged_logging.rb:26:in `tagged'
activesupport (5.1.1) lib/active_support/tagged_logging.rb:69:in `tagged'
railties (5.1.1) lib/rails/rack/logger.rb:24:in `call'
sprockets-rails (3.2.0) lib/sprockets/rails/quiet_assets.rb:13:in `call'
actionpack (5.1.1) lib/action_dispatch/middleware/remote_ip.rb:79:in `call'
actionpack (5.1.1) lib/action_dispatch/middleware/request_id.rb:25:in `call'
rack (2.0.3) lib/rack/method_override.rb:22:in `call'
rack (2.0.3) lib/rack/runtime.rb:22:in `call'
activesupport (5.1.1) lib/active_support/cache/strategy/local_cache_middleware.rb:27:in `call'
actionpack (5.1.1) lib/action_dispatch/middleware/executor.rb:12:in `call'
actionpack (5.1.1) lib/action_dispatch/middleware/static.rb:125:in `call'
rack (2.0.3) lib/rack/sendfile.rb:111:in `call'
railties (5.1.1) lib/rails/engine.rb:522:in `call'
puma (3.9.1) lib/puma/configuration.rb:224:in `call'
puma (3.9.1) lib/puma/server.rb:602:in `handle_request'
puma (3.9.1) lib/puma/server.rb:435:in `process_client'
puma (3.9.1) lib/puma/server.rb:299:in `block in run'
puma (3.9.1) lib/puma/thread_pool.rb:120:in `block in spawn_thread'
Started POST "/events" for 127.0.0.1 at 2017-06-21 11:48:16 -0400
Processing by EventsController#create as HTML
  Parameters: {"utf8"=>"✓", "authenticity_token"=>"Cf14Xun+ZCRt23pMa+rV1kOLDTcXG7Gj7eRgpYnoOyVF/dV3Jh1lU8DgHtlBNyaOocWhOT16kixEKzC/+myR9g==", "event"=>{"title"=>"Housewarming!", "organizer"=>"1", "note"=>"join me!"}, "commit"=>"Create Event"}
  [1m[36mUser Load (0.2ms)[0m  [1m[34mSELECT  "users".* FROM "users" WHERE "users"."id" = ? LIMIT ?[0m  [["id", nil], ["LIMIT", 1]]
Completed 404 Not Found in 9ms (ActiveRecord: 1.2ms)


  
ActiveRecord::RecordNotFound (Couldn't find User with 'id'=):
  
app/controllers/events_controller.rb:23:in `set_user'
Started POST "/events" for 127.0.0.1 at 2017-06-21 11:48:36 -0400
Processing by EventsController#create as HTML
  Parameters: {"utf8"=>"✓", "authenticity_token"=>"Cf14Xun+ZCRt23pMa+rV1kOLDTcXG7Gj7eRgpYnoOyVF/dV3Jh1lU8DgHtlBNyaOocWhOT16kixEKzC/+myR9g==", "event"=>{"title"=>"Housewarming!", "organizer"=>"1", "note"=>"join me!"}, "commit"=>"Create Event"}
  [1m[36mUser Load (0.2ms)[0m  [1m[34mSELECT  "users".* FROM "users" WHERE "users"."id" = ? LIMIT ?[0m  [["id", nil], ["LIMIT", 1]]
Completed 404 Not Found in 5ms (ActiveRecord: 1.3ms)


  
ActiveRecord::RecordNotFound (Couldn't find User with 'id'=):
  
app/controllers/events_controller.rb:24:in `set_user'
Started GET "/events" for 127.0.0.1 at 2017-06-21 11:48:41 -0400
Processing by EventsController#index as HTML
  Rendering events/index.html.erb within layouts/application
  Rendered events/index.html.erb within layouts/application (0.9ms)
  Rendered layouts/_navigation.html.erb (1.4ms) [cache miss]
Completed 200 OK in 76ms (Views: 54.1ms | ActiveRecord: 0.0ms)


Started GET "/events/new" for 127.0.0.1 at 2017-06-21 11:48:42 -0400
Processing by EventsController#new as HTML
  [1m[36mUser Load (0.5ms)[0m  [1m[34mSELECT  "users".* FROM "users" WHERE "users"."id" = ? LIMIT ?[0m  [["id", nil], ["LIMIT", 1]]
Completed 404 Not Found in 4ms (ActiveRecord: 0.5ms)


  
ActiveRecord::RecordNotFound (Couldn't find User with 'id'=):
  
app/controllers/events_controller.rb:24:in `set_user'
Started GET "/events" for 127.0.0.1 at 2017-06-21 11:48:46 -0400
Processing by EventsController#index as HTML
  Rendering events/index.html.erb within layouts/application
  Rendered events/index.html.erb within layouts/application (0.9ms)
  Rendered layouts/_navigation.html.erb (1.2ms) [cache miss]
Completed 200 OK in 45ms (Views: 41.9ms | ActiveRecord: 0.0ms)


Started GET "/events/new" for 127.0.0.1 at 2017-06-21 11:48:47 -0400
Processing by EventsController#new as HTML
  [1m[36mUser Load (0.1ms)[0m  [1m[34mSELECT  "users".* FROM "users" WHERE "users"."id" = ? LIMIT ?[0m  [["id", nil], ["LIMIT", 1]]
Completed 404 Not Found in 2ms (ActiveRecord: 0.1ms)


  
ActiveRecord::RecordNotFound (Couldn't find User with 'id'=):
  
app/controllers/events_controller.rb:24:in `set_user'
Started GET "/events" for 127.0.0.1 at 2017-06-21 11:49:22 -0400
Processing by EventsController#index as HTML
  Rendering events/index.html.erb within layouts/application
  Rendered events/index.html.erb within layouts/application (0.6ms)
  Rendered layouts/_navigation.html.erb (1.0ms) [cache miss]
Completed 200 OK in 49ms (Views: 31.8ms)


Started GET "/events/new" for 127.0.0.1 at 2017-06-21 11:49:24 -0400
Processing by EventsController#new as HTML
  Rendering events/new.html.erb within layouts/application
  Rendered events/_form.html.erb (6.0ms) [cache miss]
  Rendered events/new.html.erb within layouts/application (8.0ms)
  Rendered layouts/_navigation.html.erb (0.8ms) [cache miss]
Completed 200 OK in 53ms (Views: 35.2ms | ActiveRecord: 1.2ms)


Started POST "/events" for 127.0.0.1 at 2017-06-21 11:49:31 -0400
Processing by EventsController#create as HTML
  Parameters: {"utf8"=>"✓", "authenticity_token"=>"UsWgIkKuCFbNLghYE6YitA1wbM7L16m9xx9V6durp6GrElUwkEYacJ5FGDEMxikQvUNqzm5TXvkJnRRtwkd0ng==", "event"=>{"title"=>"Housewarming!", "organizer_id"=>"1", "note"=>"join me!"}, "commit"=>"Create Event"}
Completed 500 Internal Server Error in 3ms (ActiveRecord: 0.0ms)


  
RuntimeError (<ActionController::Parameters {"utf8"=>"✓", "authenticity_token"=>"UsWgIkKuCFbNLghYE6YitA1wbM7L16m9xx9V6durp6GrElUwkEYacJ5FGDEMxikQvUNqzm5TXvkJnRRtwkd0ng==", "event"=>{"title"=>"Housewarming!", "organizer_id"=>"1", "note"=>"join me!"}, "commit"=>"Create Event", "controller"=>"events", "action"=>"create"} permitted: false>):
  
app/controllers/events_controller.rb:12:in `create'
Started GET "/users/sign_in" for 127.0.0.1 at 2017-06-21 11:49:45 -0400
Processing by Devise::SessionsController#new as HTML
  Rendering /Users/huijiang/.rbenv/versions/2.4.0/lib/ruby/gems/2.4.0/gems/devise-4.3.0/app/views/devise/sessions/new.html.erb within layouts/application
  Rendered /Users/huijiang/.rbenv/versions/2.4.0/lib/ruby/gems/2.4.0/gems/devise-4.3.0/app/views/devise/shared/_links.html.erb (1.1ms) [cache miss]
  Rendered /Users/huijiang/.rbenv/versions/2.4.0/lib/ruby/gems/2.4.0/gems/devise-4.3.0/app/views/devise/sessions/new.html.erb within layouts/application (6.9ms)
  Rendered layouts/_navigation.html.erb (2.3ms) [cache miss]
Completed 200 OK in 77ms (Views: 48.3ms | ActiveRecord: 1.0ms)


Started GET "/users/sign_up" for 127.0.0.1 at 2017-06-21 11:49:46 -0400
Processing by Devise::RegistrationsController#new as HTML
  Rendering /Users/huijiang/.rbenv/versions/2.4.0/lib/ruby/gems/2.4.0/gems/devise-4.3.0/app/views/devise/registrations/new.html.erb within layouts/application
  Rendered /Users/huijiang/.rbenv/versions/2.4.0/lib/ruby/gems/2.4.0/gems/devise-4.3.0/app/views/devise/shared/_links.html.erb (2.0ms) [cache miss]
  Rendered /Users/huijiang/.rbenv/versions/2.4.0/lib/ruby/gems/2.4.0/gems/devise-4.3.0/app/views/devise/registrations/new.html.erb within layouts/application (8.2ms)
  Rendered layouts/_navigation.html.erb (0.9ms) [cache miss]
Completed 200 OK in 58ms (Views: 56.1ms | ActiveRecord: 0.0ms)


Started GET "/users/sign_in" for 127.0.0.1 at 2017-06-21 11:49:47 -0400
Processing by Devise::SessionsController#new as HTML
  Rendering /Users/huijiang/.rbenv/versions/2.4.0/lib/ruby/gems/2.4.0/gems/devise-4.3.0/app/views/devise/sessions/new.html.erb within layouts/application
  Rendered /Users/huijiang/.rbenv/versions/2.4.0/lib/ruby/gems/2.4.0/gems/devise-4.3.0/app/views/devise/shared/_links.html.erb (1.5ms) [cache miss]
  Rendered /Users/huijiang/.rbenv/versions/2.4.0/lib/ruby/gems/2.4.0/gems/devise-4.3.0/app/views/devise/sessions/new.html.erb within layouts/application (25.1ms)
  Rendered layouts/_navigation.html.erb (2.7ms) [cache miss]
Completed 200 OK in 96ms (Views: 85.3ms | ActiveRecord: 0.0ms)


Started POST "/users/sign_in" for 127.0.0.1 at 2017-06-21 11:49:55 -0400
Processing by Devise::SessionsController#create as HTML
  Parameters: {"utf8"=>"✓", "authenticity_token"=>"1o6I3ABE9XB2G/8YwEAwTohIRt3PmnEg+X4aAu41cvH+jFBpk+wCRE6jqbTIjSCWapC6LcdWy6AfSJwud784MQ==", "user"=>{"email"=>"user1@email.com", "password"=>"[FILTERED]", "remember_me"=>"0"}, "commit"=>"Log in"}
  [1m[36mUser Load (0.4ms)[0m  [1m[34mSELECT  "users".* FROM "users" WHERE "users"."email" = ? ORDER BY "users"."id" ASC LIMIT ?[0m  [["email", "user1@email.com"], ["LIMIT", 1]]
  [1m[35m (0.1ms)[0m  [1m[36mbegin transaction[0m
  [1m[35mSQL (0.4ms)[0m  [1m[33mUPDATE "users" SET "current_sign_in_at" = ?, "sign_in_count" = ?, "updated_at" = ? WHERE "users"."id" = ?[0m  [["current_sign_in_at", "2017-06-21 15:49:56.174605"], ["sign_in_count", 2], ["updated_at", "2017-06-21 15:49:56.175431"], ["id", 1]]
  [1m[35m (2.5ms)[0m  [1m[36mcommit transaction[0m
Redirected to http://localhost:3000/
Completed 302 Found in 194ms (ActiveRecord: 3.3ms)


Started GET "/" for 127.0.0.1 at 2017-06-21 11:49:56 -0400
Processing by MainController#index as HTML
  Rendering main/index.html.erb within layouts/application
  Rendered main/index.html.erb within layouts/application (0.6ms)
  [1m[36mUser Load (0.5ms)[0m  [1m[34mSELECT  "users".* FROM "users" WHERE "users"."id" = ? ORDER BY "users"."id" ASC LIMIT ?[0m  [["id", 1], ["LIMIT", 1]]
  Rendered layouts/_navigation.html.erb (2.6ms) [cache miss]
Completed 200 OK in 34ms (Views: 31.1ms | ActiveRecord: 0.5ms)


Started GET "/users/1" for 127.0.0.1 at 2017-06-21 11:50:01 -0400
Processing by UsersController#show as HTML
  Parameters: {"id"=>"1"}
  Rendering users/show.html.erb within layouts/application
  Rendered users/show.html.erb within layouts/application (0.6ms)
  [1m[36mUser Load (0.3ms)[0m  [1m[34mSELECT  "users".* FROM "users" WHERE "users"."id" = ? ORDER BY "users"."id" ASC LIMIT ?[0m  [["id", 1], ["LIMIT", 1]]
  Rendered layouts/_navigation.html.erb (2.2ms) [cache miss]
Completed 200 OK in 36ms (Views: 32.6ms | ActiveRecord: 0.3ms)


Started GET "/users/1" for 127.0.0.1 at 2017-06-21 11:50:03 -0400
Processing by UsersController#show as HTML
  Parameters: {"id"=>"1"}
  Rendering users/show.html.erb within layouts/application
  Rendered users/show.html.erb within layouts/application (0.4ms)
  [1m[36mUser Load (0.3ms)[0m  [1m[34mSELECT  "users".* FROM "users" WHERE "users"."id" = ? ORDER BY "users"."id" ASC LIMIT ?[0m  [["id", 1], ["LIMIT", 1]]
  Rendered layouts/_navigation.html.erb (2.2ms) [cache miss]
Completed 200 OK in 47ms (Views: 44.9ms | ActiveRecord: 0.3ms)


Started GET "/events/new" for 127.0.0.1 at 2017-06-21 11:50:08 -0400
Processing by EventsController#new as HTML
  Rendering events/new.html.erb within layouts/application
  Rendered events/_form.html.erb (5.7ms) [cache miss]
  Rendered events/new.html.erb within layouts/application (8.6ms)
  [1m[36mUser Load (0.2ms)[0m  [1m[34mSELECT  "users".* FROM "users" WHERE "users"."id" = ? ORDER BY "users"."id" ASC LIMIT ?[0m  [["id", 1], ["LIMIT", 1]]
  Rendered layouts/_navigation.html.erb (2.3ms) [cache miss]
Completed 200 OK in 66ms (Views: 62.3ms | ActiveRecord: 0.2ms)


Started POST "/events" for 127.0.0.1 at 2017-06-21 11:50:14 -0400
Processing by EventsController#create as HTML
  Parameters: {"utf8"=>"✓", "authenticity_token"=>"jMtAE73TZBeYofEzPSOq6FQWsuFZk9khF1sV/VVn4A1kXVvn1giQR+ktTTYdIISe4eHjipdlzWf9Pea5Czx0oA==", "event"=>{"title"=>"Housewarming!", "organizer_id"=>"1", "note"=>"join me!"}, "commit"=>"Create Event"}
Completed 500 Internal Server Error in 1ms (ActiveRecord: 0.0ms)


  
RuntimeError (<ActionController::Parameters {"utf8"=>"✓", "authenticity_token"=>"jMtAE73TZBeYofEzPSOq6FQWsuFZk9khF1sV/VVn4A1kXVvn1giQR+ktTTYdIISe4eHjipdlzWf9Pea5Czx0oA==", "event"=>{"title"=>"Housewarming!", "organizer_id"=>"1", "note"=>"join me!"}, "commit"=>"Create Event", "controller"=>"events", "action"=>"create"} permitted: false>):
  
app/controllers/events_controller.rb:12:in `create'
Started GET "/events/new" for 127.0.0.1 at 2017-06-21 12:02:18 -0400
Processing by EventsController#new as HTML
  Rendering events/new.html.erb within layouts/application
  Rendered events/_form.html.erb (4.3ms) [cache miss]
  Rendered events/new.html.erb within layouts/application (7.2ms)
  [1m[36mUser Load (0.8ms)[0m  [1m[34mSELECT  "users".* FROM "users" WHERE "users"."id" = ? ORDER BY "users"."id" ASC LIMIT ?[0m  [["id", 1], ["LIMIT", 1]]
  Rendered layouts/_navigation.html.erb (4.9ms) [cache miss]
Completed 200 OK in 62ms (Views: 58.3ms | ActiveRecord: 0.8ms)


Started POST "/events" for 127.0.0.1 at 2017-06-21 12:02:23 -0400
Processing by EventsController#create as HTML
  Parameters: {"utf8"=>"✓", "authenticity_token"=>"Uq2OKZFBmq/LSMYXcRZs0G3Yssmg2RuJUcG89+9AehW6O5Xd+ppu/7rEehJRFUKm2C/jom4vD8+7p0+zsRvuuA==", "event"=>{"title"=>"Housewarming!", "organizer_id"=>"", "note"=>"join me!"}, "commit"=>"Create Event"}
Completed 500 Internal Server Error in 2ms (ActiveRecord: 0.0ms)


  
RuntimeError (<ActionController::Parameters {"utf8"=>"✓", "authenticity_token"=>"Uq2OKZFBmq/LSMYXcRZs0G3Yssmg2RuJUcG89+9AehW6O5Xd+ppu/7rEehJRFUKm2C/jom4vD8+7p0+zsRvuuA==", "event"=>{"title"=>"Housewarming!", "organizer_id"=>"", "note"=>"join me!"}, "commit"=>"Create Event", "controller"=>"events", "action"=>"create"} permitted: false>):
  
app/controllers/events_controller.rb:12:in `create'
Started GET "/events/new" for 127.0.0.1 at 2017-06-21 12:02:46 -0400
Processing by EventsController#new as HTML
  Rendering events/new.html.erb within layouts/application
  Rendered events/_form.html.erb (3.1ms) [cache miss]
  Rendered events/new.html.erb within layouts/application (5.9ms)
  [1m[36mUser Load (0.5ms)[0m  [1m[34mSELECT  "users".* FROM "users" WHERE "users"."id" = ? ORDER BY "users"."id" ASC LIMIT ?[0m  [["id", 1], ["LIMIT", 1]]
  Rendered layouts/_navigation.html.erb (3.7ms) [cache miss]
Completed 200 OK in 58ms (Views: 54.3ms | ActiveRecord: 0.5ms)


Started POST "/events" for 127.0.0.1 at 2017-06-21 12:02:49 -0400
Processing by EventsController#create as HTML
  Parameters: {"utf8"=>"✓", "authenticity_token"=>"kcS+pG4nvtyhp7FN2dFAqyohVFsY5dg44/RQiM40fRN5UqVQBfxKjNArDUj50m7dn9YFMNYTzH4JkqPMkG/pvg==", "event"=>{"title"=>"Housewarming!", "organizer_id"=>"1", "note"=>"join me!"}, "commit"=>"Create Event"}
Completed 500 Internal Server Error in 3ms (ActiveRecord: 0.0ms)


  
RuntimeError (<ActionController::Parameters {"utf8"=>"✓", "authenticity_token"=>"kcS+pG4nvtyhp7FN2dFAqyohVFsY5dg44/RQiM40fRN5UqVQBfxKjNArDUj50m7dn9YFMNYTzH4JkqPMkG/pvg==", "event"=>{"title"=>"Housewarming!", "organizer_id"=>"1", "note"=>"join me!"}, "commit"=>"Create Event", "controller"=>"events", "action"=>"create"} permitted: false>):
  
app/controllers/events_controller.rb:12:in `create'
Started GET "/events/new" for 127.0.0.1 at 2017-06-21 12:03:04 -0400
Processing by EventsController#new as HTML
  Rendering events/new.html.erb within layouts/application
  [1m[36mUser Load (0.4ms)[0m  [1m[34mSELECT  "users".* FROM "users" WHERE "users"."id" = ? ORDER BY "users"."id" ASC LIMIT ?[0m  [["id", 1], ["LIMIT", 1]]
  Rendered events/_form.html.erb (8.0ms) [cache miss]
  Rendered events/new.html.erb within layouts/application (15.1ms)
  Rendered layouts/_navigation.html.erb (1.2ms) [cache miss]
Completed 200 OK in 63ms (Views: 60.4ms | ActiveRecord: 0.4ms)


Started POST "/events" for 127.0.0.1 at 2017-06-21 12:03:08 -0400
Processing by EventsController#create as HTML
  Parameters: {"utf8"=>"✓", "authenticity_token"=>"est3xXR5LUF1a6MUMsx9iGGNT9XCuOXNUpZU9jlPP06SXWwxH6LZEQTnHxESz1P+1HoevgxO8Yu48KeyZxSr4w==", "event"=>{"title"=>"Housewarming!", "organizer_id"=>"1", "note"=>"join me!"}, "commit"=>"Create Event"}
Completed 500 Internal Server Error in 3ms (ActiveRecord: 0.0ms)


  
RuntimeError (<ActionController::Parameters {"utf8"=>"✓", "authenticity_token"=>"est3xXR5LUF1a6MUMsx9iGGNT9XCuOXNUpZU9jlPP06SXWwxH6LZEQTnHxESz1P+1HoevgxO8Yu48KeyZxSr4w==", "event"=>{"title"=>"Housewarming!", "organizer_id"=>"1", "note"=>"join me!"}, "commit"=>"Create Event", "controller"=>"events", "action"=>"create"} permitted: false>):
  
app/controllers/events_controller.rb:12:in `create'
Started DELETE "/users/sign_out" for 127.0.0.1 at 2017-06-21 12:03:12 -0400
Processing by Devise::SessionsController#destroy as HTML
  Parameters: {"authenticity_token"=>"est3xXR5LUF1a6MUMsx9iGGNT9XCuOXNUpZU9jlPP06SXWwxH6LZEQTnHxESz1P+1HoevgxO8Yu48KeyZxSr4w=="}
  [1m[36mUser Load (0.5ms)[0m  [1m[34mSELECT  "users".* FROM "users" WHERE "users"."id" = ? ORDER BY "users"."id" ASC LIMIT ?[0m  [["id", 1], ["LIMIT", 1]]
  [1m[35m (0.1ms)[0m  [1m[36mbegin transaction[0m
  [1m[35m (0.1ms)[0m  [1m[36mcommit transaction[0m
Redirected to http://localhost:3000/
Completed 302 Found in 8ms (ActiveRecord: 0.6ms)


Started GET "/" for 127.0.0.1 at 2017-06-21 12:03:12 -0400
Processing by MainController#index as HTML
  Rendering main/index.html.erb within layouts/application
  Rendered main/index.html.erb within layouts/application (1.6ms)
  Rendered layouts/_navigation.html.erb (2.2ms) [cache miss]
Completed 200 OK in 71ms (Views: 67.1ms | ActiveRecord: 0.0ms)


Started GET "/users/sign_in" for 127.0.0.1 at 2017-06-21 12:03:13 -0400
Processing by Devise::SessionsController#new as HTML
  Rendering /Users/huijiang/.rbenv/versions/2.4.0/lib/ruby/gems/2.4.0/gems/devise-4.3.0/app/views/devise/sessions/new.html.erb within layouts/application
  Rendered /Users/huijiang/.rbenv/versions/2.4.0/lib/ruby/gems/2.4.0/gems/devise-4.3.0/app/views/devise/shared/_links.html.erb (1.2ms) [cache miss]
  Rendered /Users/huijiang/.rbenv/versions/2.4.0/lib/ruby/gems/2.4.0/gems/devise-4.3.0/app/views/devise/sessions/new.html.erb within layouts/application (14.8ms)
  Rendered layouts/_navigation.html.erb (1.2ms) [cache miss]
Completed 200 OK in 61ms (Views: 59.7ms | ActiveRecord: 0.0ms)


Started GET "/users/sign_up" for 127.0.0.1 at 2017-06-21 12:03:15 -0400
Processing by Devise::RegistrationsController#new as HTML
  Rendering /Users/huijiang/.rbenv/versions/2.4.0/lib/ruby/gems/2.4.0/gems/devise-4.3.0/app/views/devise/registrations/new.html.erb within layouts/application
  Rendered /Users/huijiang/.rbenv/versions/2.4.0/lib/ruby/gems/2.4.0/gems/devise-4.3.0/app/views/devise/shared/_links.html.erb (2.5ms) [cache miss]
  Rendered /Users/huijiang/.rbenv/versions/2.4.0/lib/ruby/gems/2.4.0/gems/devise-4.3.0/app/views/devise/registrations/new.html.erb within layouts/application (13.9ms)
  Rendered layouts/_navigation.html.erb (0.9ms) [cache miss]
Completed 200 OK in 63ms (Views: 62.0ms | ActiveRecord: 0.0ms)


Started POST "/users" for 127.0.0.1 at 2017-06-21 12:03:27 -0400
Processing by Devise::RegistrationsController#create as HTML
  Parameters: {"utf8"=>"✓", "authenticity_token"=>"W7Fvcv/n0vnmLkN4wagUmyG7Rbxk5aUV3tex0hpOfM8EhrXPTMfN+Dy3Vzj10agBkgYmk5kNbwm6rOrKpA9hhg==", "user"=>{"email"=>"user2@email.com", "password"=>"[FILTERED]", "password_confirmation"=>"[FILTERED]"}, "commit"=>"Sign up"}
  [1m[35m (0.2ms)[0m  [1m[36mbegin transaction[0m
  [1m[36mUser Exists (0.5ms)[0m  [1m[34mSELECT  1 AS one FROM "users" WHERE "users"."email" = ? LIMIT ?[0m  [["email", "user2@email.com"], ["LIMIT", 1]]
  [1m[35mSQL (0.4ms)[0m  [1m[32mINSERT INTO "users" ("email", "encrypted_password", "created_at", "updated_at") VALUES (?, ?, ?, ?)[0m  [["email", "user2@email.com"], ["encrypted_password", "$2a$11$whJJyux3pM9dFIMCkj.ALuDZB9Laj2VMarAA0OwVPDCiEp3W/pBuK"], ["created_at", "2017-06-21 16:03:27.248518"], ["updated_at", "2017-06-21 16:03:27.248518"]]
  [1m[35m (1.4ms)[0m  [1m[36mcommit transaction[0m
  [1m[35m (0.1ms)[0m  [1m[36mbegin transaction[0m
  [1m[35mSQL (0.4ms)[0m  [1m[33mUPDATE "users" SET "sign_in_count" = ?, "current_sign_in_at" = ?, "last_sign_in_at" = ?, "current_sign_in_ip" = ?, "last_sign_in_ip" = ?, "updated_at" = ? WHERE "users"."id" = ?[0m  [["sign_in_count", 1], ["current_sign_in_at", "2017-06-21 16:03:27.253049"], ["last_sign_in_at", "2017-06-21 16:03:27.253049"], ["current_sign_in_ip", "127.0.0.1"], ["last_sign_in_ip", "127.0.0.1"], ["updated_at", "2017-06-21 16:03:27.253762"], ["id", 2]]
  [1m[35m (1.2ms)[0m  [1m[36mcommit transaction[0m
Redirected to http://localhost:3000/
Completed 302 Found in 188ms (ActiveRecord: 4.2ms)


Started GET "/" for 127.0.0.1 at 2017-06-21 12:03:27 -0400
Processing by MainController#index as HTML
  Rendering main/index.html.erb within layouts/application
  Rendered main/index.html.erb within layouts/application (0.6ms)
  [1m[36mUser Load (0.2ms)[0m  [1m[34mSELECT  "users".* FROM "users" WHERE "users"."id" = ? ORDER BY "users"."id" ASC LIMIT ?[0m  [["id", 2], ["LIMIT", 1]]
  Rendered layouts/_navigation.html.erb (3.5ms) [cache miss]
Completed 200 OK in 42ms (Views: 40.1ms | ActiveRecord: 0.2ms)


Started GET "/events/new" for 127.0.0.1 at 2017-06-21 12:03:32 -0400
Processing by EventsController#new as HTML
  Rendering events/new.html.erb within layouts/application
  [1m[36mUser Load (0.2ms)[0m  [1m[34mSELECT  "users".* FROM "users" WHERE "users"."id" = ? ORDER BY "users"."id" ASC LIMIT ?[0m  [["id", 2], ["LIMIT", 1]]
  Rendered events/_form.html.erb (4.6ms) [cache miss]
  Rendered events/new.html.erb within layouts/application (9.4ms)
  Rendered layouts/_navigation.html.erb (1.2ms) [cache miss]
Completed 200 OK in 46ms (Views: 43.0ms | ActiveRecord: 0.2ms)


Started POST "/events" for 127.0.0.1 at 2017-06-21 12:03:36 -0400
Processing by EventsController#create as HTML
  Parameters: {"utf8"=>"✓", "authenticity_token"=>"R96biEByHeg8PFS5aGgdISZj9q/zNR0aXRzbI7VrMlSV7aehfOvzyTidK2aHm6auugM/M/9LkqtEYPAlkW1Rew==", "event"=>{"title"=>"Housewarming!", "organizer_id"=>"2", "note"=>"join me!"}, "commit"=>"Create Event"}
Completed 500 Internal Server Error in 2ms (ActiveRecord: 0.0ms)


  
RuntimeError (<ActionController::Parameters {"utf8"=>"✓", "authenticity_token"=>"R96biEByHeg8PFS5aGgdISZj9q/zNR0aXRzbI7VrMlSV7aehfOvzyTidK2aHm6auugM/M/9LkqtEYPAlkW1Rew==", "event"=>{"title"=>"Housewarming!", "organizer_id"=>"2", "note"=>"join me!"}, "commit"=>"Create Event", "controller"=>"events", "action"=>"create"} permitted: false>):
  
app/controllers/events_controller.rb:12:in `create'
Started POST "/events" for 127.0.0.1 at 2017-06-21 12:03:55 -0400
Processing by EventsController#create as HTML
  Parameters: {"utf8"=>"✓", "authenticity_token"=>"R96biEByHeg8PFS5aGgdISZj9q/zNR0aXRzbI7VrMlSV7aehfOvzyTidK2aHm6auugM/M/9LkqtEYPAlkW1Rew==", "event"=>{"title"=>"Housewarming!", "organizer_id"=>"2", "note"=>"join me!"}, "commit"=>"Create Event"}
  [1m[35m (0.1ms)[0m  [1m[36mbegin transaction[0m
  [1m[36mUser Load (0.1ms)[0m  [1m[34mSELECT  "users".* FROM "users" WHERE "users"."id" = ? LIMIT ?[0m  [["id", 2], ["LIMIT", 1]]
  [1m[35mSQL (0.4ms)[0m  [1m[32mINSERT INTO "events" ("title", "note", "organizer_id", "created_at", "updated_at") VALUES (?, ?, ?, ?, ?)[0m  [["title", "Housewarming!"], ["note", "join me!"], ["organizer_id", 2], ["created_at", "2017-06-21 16:03:55.839478"], ["updated_at", "2017-06-21 16:03:55.839478"]]
  [1m[35m (2.0ms)[0m  [1m[36mcommit transaction[0m
Redirected to http://localhost:3000/events/1
Completed 302 Found in 64ms (ActiveRecord: 5.0ms)


Started GET "/events/1" for 127.0.0.1 at 2017-06-21 12:03:55 -0400
  
AbstractController::ActionNotFound (The action 'show' could not be found for EventsController):
  
actionpack (5.1.1) lib/abstract_controller/base.rb:119:in `process'
actionview (5.1.1) lib/action_view/rendering.rb:30:in `process'
actionpack (5.1.1) lib/action_controller/metal.rb:189:in `dispatch'
actionpack (5.1.1) lib/action_controller/metal.rb:253:in `dispatch'
actionpack (5.1.1) lib/action_dispatch/routing/route_set.rb:49:in `dispatch'
actionpack (5.1.1) lib/action_dispatch/routing/route_set.rb:31:in `serve'
actionpack (5.1.1) lib/action_dispatch/journey/router.rb:46:in `block in serve'
actionpack (5.1.1) lib/action_dispatch/journey/router.rb:33:in `each'
actionpack (5.1.1) lib/action_dispatch/journey/router.rb:33:in `serve'
actionpack (5.1.1) lib/action_dispatch/routing/route_set.rb:832:in `call'
warden (1.2.7) lib/warden/manager.rb:36:in `block in call'
warden (1.2.7) lib/warden/manager.rb:35:in `catch'
warden (1.2.7) lib/warden/manager.rb:35:in `call'
rack (2.0.3) lib/rack/etag.rb:25:in `call'
rack (2.0.3) lib/rack/conditional_get.rb:25:in `call'
rack (2.0.3) lib/rack/head.rb:12:in `call'
rack (2.0.3) lib/rack/session/abstract/id.rb:232:in `context'
rack (2.0.3) lib/rack/session/abstract/id.rb:226:in `call'
actionpack (5.1.1) lib/action_dispatch/middleware/cookies.rb:613:in `call'
activerecord (5.1.1) lib/active_record/migration.rb:556:in `call'
actionpack (5.1.1) lib/action_dispatch/middleware/callbacks.rb:26:in `block in call'
activesupport (5.1.1) lib/active_support/callbacks.rb:97:in `run_callbacks'
actionpack (5.1.1) lib/action_dispatch/middleware/callbacks.rb:24:in `call'
actionpack (5.1.1) lib/action_dispatch/middleware/executor.rb:12:in `call'
actionpack (5.1.1) lib/action_dispatch/middleware/debug_exceptions.rb:59:in `call'
web-console (3.5.1) lib/web_console/middleware.rb:135:in `call_app'
web-console (3.5.1) lib/web_console/middleware.rb:28:in `block in call'
web-console (3.5.1) lib/web_console/middleware.rb:18:in `catch'
web-console (3.5.1) lib/web_console/middleware.rb:18:in `call'
actionpack (5.1.1) lib/action_dispatch/middleware/show_exceptions.rb:31:in `call'
railties (5.1.1) lib/rails/rack/logger.rb:36:in `call_app'
railties (5.1.1) lib/rails/rack/logger.rb:24:in `block in call'
activesupport (5.1.1) lib/active_support/tagged_logging.rb:69:in `block in tagged'
activesupport (5.1.1) lib/active_support/tagged_logging.rb:26:in `tagged'
activesupport (5.1.1) lib/active_support/tagged_logging.rb:69:in `tagged'
railties (5.1.1) lib/rails/rack/logger.rb:24:in `call'
sprockets-rails (3.2.0) lib/sprockets/rails/quiet_assets.rb:13:in `call'
actionpack (5.1.1) lib/action_dispatch/middleware/remote_ip.rb:79:in `call'
actionpack (5.1.1) lib/action_dispatch/middleware/request_id.rb:25:in `call'
rack (2.0.3) lib/rack/method_override.rb:22:in `call'
rack (2.0.3) lib/rack/runtime.rb:22:in `call'
activesupport (5.1.1) lib/active_support/cache/strategy/local_cache_middleware.rb:27:in `call'
actionpack (5.1.1) lib/action_dispatch/middleware/executor.rb:12:in `call'
actionpack (5.1.1) lib/action_dispatch/middleware/static.rb:125:in `call'
rack (2.0.3) lib/rack/sendfile.rb:111:in `call'
railties (5.1.1) lib/rails/engine.rb:522:in `call'
puma (3.9.1) lib/puma/configuration.rb:224:in `call'
puma (3.9.1) lib/puma/server.rb:602:in `handle_request'
puma (3.9.1) lib/puma/server.rb:435:in `process_client'
puma (3.9.1) lib/puma/server.rb:299:in `block in run'
puma (3.9.1) lib/puma/thread_pool.rb:120:in `block in spawn_thread'
Started GET "/events/1" for 127.0.0.1 at 2017-06-21 12:04:18 -0400
Processing by EventsController#show as HTML
  Parameters: {"id"=>"1"}
  Rendering events/show.html.erb within layouts/application
  Rendered events/show.html.erb within layouts/application (0.9ms)
  [1m[36mUser Load (0.7ms)[0m  [1m[34mSELECT  "users".* FROM "users" WHERE "users"."id" = ? ORDER BY "users"."id" ASC LIMIT ?[0m  [["id", 2], ["LIMIT", 1]]
  Rendered layouts/_navigation.html.erb (5.0ms) [cache miss]
Completed 200 OK in 49ms (Views: 42.0ms | ActiveRecord: 0.7ms)


Started GET "/events/1" for 127.0.0.1 at 2017-06-21 12:05:31 -0400
Processing by EventsController#show as HTML
  Parameters: {"id"=>"1"}
  [1m[36mEvent Load (0.2ms)[0m  [1m[34mSELECT  "events".* FROM "events" WHERE "events"."id" = ? LIMIT ?[0m  [["id", 1], ["LIMIT", 1]]
  Rendering events/show.html.erb within layouts/application
  Rendered events/show.html.erb within layouts/application (1.0ms)
  [1m[36mUser Load (0.1ms)[0m  [1m[34mSELECT  "users".* FROM "users" WHERE "users"."id" = ? ORDER BY "users"."id" ASC LIMIT ?[0m  [["id", 2], ["LIMIT", 1]]
  Rendered layouts/_navigation.html.erb (20.6ms) [cache miss]
Completed 200 OK in 88ms (Views: 66.8ms | ActiveRecord: 1.6ms)


Started GET "/events/1" for 127.0.0.1 at 2017-06-21 12:06:25 -0400
Processing by EventsController#show as HTML
  Parameters: {"id"=>"1"}
  [1m[36mEvent Load (0.3ms)[0m  [1m[34mSELECT  "events".* FROM "events" WHERE "events"."id" = ? LIMIT ?[0m  [["id", 1], ["LIMIT", 1]]
  Rendering events/show.html.erb within layouts/application
  [1m[36mUser Load (0.3ms)[0m  [1m[34mSELECT  "users".* FROM "users" WHERE "users"."id" = ? LIMIT ?[0m  [["id", 2], ["LIMIT", 1]]
  Rendered events/show.html.erb within layouts/application (11.1ms)
  [1m[36mUser Load (0.4ms)[0m  [1m[34mSELECT  "users".* FROM "users" WHERE "users"."id" = ? ORDER BY "users"."id" ASC LIMIT ?[0m  [["id", 2], ["LIMIT", 1]]
  Rendered layouts/_navigation.html.erb (4.6ms) [cache miss]
Completed 200 OK in 70ms (Views: 61.8ms | ActiveRecord: 1.1ms)


Started GET "/events/1" for 127.0.0.1 at 2017-06-21 12:06:36 -0400
Processing by EventsController#show as HTML
  Parameters: {"id"=>"1"}
  [1m[36mEvent Load (0.6ms)[0m  [1m[34mSELECT  "events".* FROM "events" WHERE "events"."id" = ? LIMIT ?[0m  [["id", 1], ["LIMIT", 1]]
  Rendering events/show.html.erb within layouts/application
  [1m[36mUser Load (0.2ms)[0m  [1m[34mSELECT  "users".* FROM "users" WHERE "users"."id" = ? LIMIT ?[0m  [["id", 2], ["LIMIT", 1]]
  Rendered events/show.html.erb within layouts/application (3.2ms)
  [1m[36mUser Load (0.3ms)[0m  [1m[34mSELECT  "users".* FROM "users" WHERE "users"."id" = ? ORDER BY "users"."id" ASC LIMIT ?[0m  [["id", 2], ["LIMIT", 1]]
  Rendered layouts/_navigation.html.erb (2.4ms) [cache miss]
Completed 200 OK in 54ms (Views: 47.8ms | ActiveRecord: 1.1ms)


Started GET "/events/1" for 127.0.0.1 at 2017-06-21 12:06:44 -0400
Processing by EventsController#show as HTML
  Parameters: {"id"=>"1"}
  [1m[36mEvent Load (0.4ms)[0m  [1m[34mSELECT  "events".* FROM "events" WHERE "events"."id" = ? LIMIT ?[0m  [["id", 1], ["LIMIT", 1]]
  Rendering events/show.html.erb within layouts/application
  [1m[36mUser Load (0.1ms)[0m  [1m[34mSELECT  "users".* FROM "users" WHERE "users"."id" = ? LIMIT ?[0m  [["id", 2], ["LIMIT", 1]]
  Rendered events/show.html.erb within layouts/application (2.1ms)
  [1m[36mUser Load (0.2ms)[0m  [1m[34mSELECT  "users".* FROM "users" WHERE "users"."id" = ? ORDER BY "users"."id" ASC LIMIT ?[0m  [["id", 2], ["LIMIT", 1]]
  Rendered layouts/_navigation.html.erb (2.4ms) [cache miss]
Completed 200 OK in 55ms (Views: 50.4ms | ActiveRecord: 0.7ms)


Started GET "/events/1" for 127.0.0.1 at 2017-06-21 12:07:16 -0400
Processing by EventsController#show as HTML
  Parameters: {"id"=>"1"}
  [1m[36mEvent Load (0.2ms)[0m  [1m[34mSELECT  "events".* FROM "events" WHERE "events"."id" = ? LIMIT ?[0m  [["id", 1], ["LIMIT", 1]]
  Rendering events/show.html.erb within layouts/application
  [1m[36mUser Load (0.2ms)[0m  [1m[34mSELECT  "users".* FROM "users" WHERE "users"."id" = ? LIMIT ?[0m  [["id", 2], ["LIMIT", 1]]
  Rendered events/show.html.erb within layouts/application (3.9ms)
  [1m[36mUser Load (0.2ms)[0m  [1m[34mSELECT  "users".* FROM "users" WHERE "users"."id" = ? ORDER BY "users"."id" ASC LIMIT ?[0m  [["id", 2], ["LIMIT", 1]]
  Rendered layouts/_navigation.html.erb (4.3ms) [cache miss]
Completed 200 OK in 54ms (Views: 44.4ms | ActiveRecord: 0.5ms)


Started GET "/events/1" for 127.0.0.1 at 2017-06-21 12:08:51 -0400
Processing by EventsController#show as HTML
  Parameters: {"id"=>"1"}
  [1m[36mEvent Load (0.2ms)[0m  [1m[34mSELECT  "events".* FROM "events" WHERE "events"."id" = ? LIMIT ?[0m  [["id", 1], ["LIMIT", 1]]
  Rendering events/show.html.erb within layouts/application
  Rendered events/show.html.erb within layouts/application (1.6ms)
Completed 500 Internal Server Error in 13ms (ActiveRecord: 0.2ms)


  
SyntaxError (/Users/huijiang/Desktop/Ruby Sandbox/io-let-us-go-rails-project/app/views/events/show.html.erb:2: syntax error, unexpected ')', expecting keyword_then or ';' or '\n'
ent.organizer = current_user );@output_buffer.safe_append='
                              ^
/Users/huijiang/Desktop/Ruby Sandbox/io-let-us-go-rails-project/app/views/events/show.html.erb:4: syntax error, unexpected keyword_end, expecting ')'
'.freeze; end 
             ^
/Users/huijiang/Desktop/Ruby Sandbox/io-let-us-go-rails-project/app/views/events/show.html.erb:10: syntax error, unexpected keyword_ensure, expecting ')'
          ensure
                ^
/Users/huijiang/Desktop/Ruby Sandbox/io-let-us-go-rails-project/app/views/events/show.html.erb:12: syntax error, unexpected keyword_end, expecting ')'
          end
             ^):
  
app/views/events/show.html.erb:2: syntax error, unexpected ')', expecting keyword_then or ';' or '\n'
app/views/events/show.html.erb:4: syntax error, unexpected keyword_end, expecting ')'
app/views/events/show.html.erb:10: syntax error, unexpected keyword_ensure, expecting ')'
app/views/events/show.html.erb:12: syntax error, unexpected keyword_end, expecting ')'
Started GET "/events/1" for 127.0.0.1 at 2017-06-21 12:09:07 -0400
Processing by EventsController#show as HTML
  Parameters: {"id"=>"1"}
  [1m[36mEvent Load (1.4ms)[0m  [1m[34mSELECT  "events".* FROM "events" WHERE "events"."id" = ? LIMIT ?[0m  [["id", 1], ["LIMIT", 1]]
  Rendering events/show.html.erb within layouts/application
  Rendered events/show.html.erb within layouts/application (1.9ms)
Completed 500 Internal Server Error in 17ms (ActiveRecord: 1.4ms)


  
SyntaxError (/Users/huijiang/Desktop/Ruby Sandbox/io-let-us-go-rails-project/app/views/events/show.html.erb:2: syntax error, unexpected ')', expecting keyword_then or ';' or '\n'
nt.organizer == current_user );@output_buffer.safe_append='
                              ^
/Users/huijiang/Desktop/Ruby Sandbox/io-let-us-go-rails-project/app/views/events/show.html.erb:4: syntax error, unexpected keyword_end, expecting ')'
'.freeze; end 
             ^
/Users/huijiang/Desktop/Ruby Sandbox/io-let-us-go-rails-project/app/views/events/show.html.erb:10: syntax error, unexpected keyword_ensure, expecting ')'
          ensure
                ^
/Users/huijiang/Desktop/Ruby Sandbox/io-let-us-go-rails-project/app/views/events/show.html.erb:12: syntax error, unexpected keyword_end, expecting ')'
          end
             ^):
  
app/views/events/show.html.erb:2: syntax error, unexpected ')', expecting keyword_then or ';' or '\n'
app/views/events/show.html.erb:4: syntax error, unexpected keyword_end, expecting ')'
app/views/events/show.html.erb:10: syntax error, unexpected keyword_ensure, expecting ')'
app/views/events/show.html.erb:12: syntax error, unexpected keyword_end, expecting ')'
Started GET "/events/1" for 127.0.0.1 at 2017-06-21 12:09:30 -0400
Processing by EventsController#show as HTML
  Parameters: {"id"=>"1"}
  [1m[36mEvent Load (0.1ms)[0m  [1m[34mSELECT  "events".* FROM "events" WHERE "events"."id" = ? LIMIT ?[0m  [["id", 1], ["LIMIT", 1]]
  Rendering events/show.html.erb within layouts/application
  Rendered events/show.html.erb within layouts/application (1.1ms)
Completed 500 Internal Server Error in 15ms (ActiveRecord: 0.1ms)


  
SyntaxError (/Users/huijiang/Desktop/Ruby Sandbox/io-let-us-go-rails-project/app/views/events/show.html.erb:2: syntax error, unexpected ')', expecting keyword_then or ';' or '\n'
anizer_id == current_user.id );@output_buffer.safe_append='
                              ^
/Users/huijiang/Desktop/Ruby Sandbox/io-let-us-go-rails-project/app/views/events/show.html.erb:4: syntax error, unexpected keyword_end, expecting ')'
'.freeze; end 
             ^
/Users/huijiang/Desktop/Ruby Sandbox/io-let-us-go-rails-project/app/views/events/show.html.erb:10: syntax error, unexpected keyword_ensure, expecting ')'
          ensure
                ^
/Users/huijiang/Desktop/Ruby Sandbox/io-let-us-go-rails-project/app/views/events/show.html.erb:12: syntax error, unexpected keyword_end, expecting ')'
          end
             ^):
  
app/views/events/show.html.erb:2: syntax error, unexpected ')', expecting keyword_then or ';' or '\n'
app/views/events/show.html.erb:4: syntax error, unexpected keyword_end, expecting ')'
app/views/events/show.html.erb:10: syntax error, unexpected keyword_ensure, expecting ')'
app/views/events/show.html.erb:12: syntax error, unexpected keyword_end, expecting ')'
Started GET "/events/1" for 127.0.0.1 at 2017-06-21 12:10:53 -0400
Processing by EventsController#show as HTML
  Parameters: {"id"=>"1"}
  [1m[36mEvent Load (0.1ms)[0m  [1m[34mSELECT  "events".* FROM "events" WHERE "events"."id" = ? LIMIT ?[0m  [["id", 1], ["LIMIT", 1]]
  Rendering events/show.html.erb within layouts/application
  [1m[36mUser Load (0.1ms)[0m  [1m[34mSELECT  "users".* FROM "users" WHERE "users"."id" = ? LIMIT ?[0m  [["id", 2], ["LIMIT", 1]]
  Rendered events/show.html.erb within layouts/application (3.5ms)
  [1m[36mUser Load (0.2ms)[0m  [1m[34mSELECT  "users".* FROM "users" WHERE "users"."id" = ? ORDER BY "users"."id" ASC LIMIT ?[0m  [["id", 2], ["LIMIT", 1]]
  Rendered layouts/_navigation.html.erb (2.6ms) [cache miss]
Completed 200 OK in 58ms (Views: 50.8ms | ActiveRecord: 0.5ms)


Started GET "/events/1/edit" for 127.0.0.1 at 2017-06-21 12:10:57 -0400
  
AbstractController::ActionNotFound (The action 'edit' could not be found for EventsController):
  
actionpack (5.1.1) lib/abstract_controller/base.rb:119:in `process'
actionview (5.1.1) lib/action_view/rendering.rb:30:in `process'
actionpack (5.1.1) lib/action_controller/metal.rb:189:in `dispatch'
actionpack (5.1.1) lib/action_controller/metal.rb:253:in `dispatch'
actionpack (5.1.1) lib/action_dispatch/routing/route_set.rb:49:in `dispatch'
actionpack (5.1.1) lib/action_dispatch/routing/route_set.rb:31:in `serve'
actionpack (5.1.1) lib/action_dispatch/journey/router.rb:46:in `block in serve'
actionpack (5.1.1) lib/action_dispatch/journey/router.rb:33:in `each'
actionpack (5.1.1) lib/action_dispatch/journey/router.rb:33:in `serve'
actionpack (5.1.1) lib/action_dispatch/routing/route_set.rb:832:in `call'
warden (1.2.7) lib/warden/manager.rb:36:in `block in call'
warden (1.2.7) lib/warden/manager.rb:35:in `catch'
warden (1.2.7) lib/warden/manager.rb:35:in `call'
rack (2.0.3) lib/rack/etag.rb:25:in `call'
rack (2.0.3) lib/rack/conditional_get.rb:25:in `call'
rack (2.0.3) lib/rack/head.rb:12:in `call'
rack (2.0.3) lib/rack/session/abstract/id.rb:232:in `context'
rack (2.0.3) lib/rack/session/abstract/id.rb:226:in `call'
actionpack (5.1.1) lib/action_dispatch/middleware/cookies.rb:613:in `call'
activerecord (5.1.1) lib/active_record/migration.rb:556:in `call'
actionpack (5.1.1) lib/action_dispatch/middleware/callbacks.rb:26:in `block in call'
activesupport (5.1.1) lib/active_support/callbacks.rb:97:in `run_callbacks'
actionpack (5.1.1) lib/action_dispatch/middleware/callbacks.rb:24:in `call'
actionpack (5.1.1) lib/action_dispatch/middleware/executor.rb:12:in `call'
actionpack (5.1.1) lib/action_dispatch/middleware/debug_exceptions.rb:59:in `call'
web-console (3.5.1) lib/web_console/middleware.rb:135:in `call_app'
web-console (3.5.1) lib/web_console/middleware.rb:28:in `block in call'
web-console (3.5.1) lib/web_console/middleware.rb:18:in `catch'
web-console (3.5.1) lib/web_console/middleware.rb:18:in `call'
actionpack (5.1.1) lib/action_dispatch/middleware/show_exceptions.rb:31:in `call'
railties (5.1.1) lib/rails/rack/logger.rb:36:in `call_app'
railties (5.1.1) lib/rails/rack/logger.rb:24:in `block in call'
activesupport (5.1.1) lib/active_support/tagged_logging.rb:69:in `block in tagged'
activesupport (5.1.1) lib/active_support/tagged_logging.rb:26:in `tagged'
activesupport (5.1.1) lib/active_support/tagged_logging.rb:69:in `tagged'
railties (5.1.1) lib/rails/rack/logger.rb:24:in `call'
sprockets-rails (3.2.0) lib/sprockets/rails/quiet_assets.rb:13:in `call'
actionpack (5.1.1) lib/action_dispatch/middleware/remote_ip.rb:79:in `call'
actionpack (5.1.1) lib/action_dispatch/middleware/request_id.rb:25:in `call'
rack (2.0.3) lib/rack/method_override.rb:22:in `call'
rack (2.0.3) lib/rack/runtime.rb:22:in `call'
activesupport (5.1.1) lib/active_support/cache/strategy/local_cache_middleware.rb:27:in `call'
actionpack (5.1.1) lib/action_dispatch/middleware/executor.rb:12:in `call'
actionpack (5.1.1) lib/action_dispatch/middleware/static.rb:125:in `call'
rack (2.0.3) lib/rack/sendfile.rb:111:in `call'
railties (5.1.1) lib/rails/engine.rb:522:in `call'
puma (3.9.1) lib/puma/configuration.rb:224:in `call'
puma (3.9.1) lib/puma/server.rb:602:in `handle_request'
puma (3.9.1) lib/puma/server.rb:435:in `process_client'
puma (3.9.1) lib/puma/server.rb:299:in `block in run'
puma (3.9.1) lib/puma/thread_pool.rb:120:in `block in spawn_thread'
Started GET "/events/1/edit" for 127.0.0.1 at 2017-06-21 12:11:19 -0400
Processing by EventsController#edit as HTML
  Parameters: {"id"=>"1"}
  [1m[36mEvent Load (0.6ms)[0m  [1m[34mSELECT  "events".* FROM "events" WHERE "events"."id" = ? LIMIT ?[0m  [["id", 1], ["LIMIT", 1]]
  Rendering events/edit.html.erb within layouts/application
  Rendered events/edit.html.erb within layouts/application (0.4ms)
  [1m[36mUser Load (0.5ms)[0m  [1m[34mSELECT  "users".* FROM "users" WHERE "users"."id" = ? ORDER BY "users"."id" ASC LIMIT ?[0m  [["id", 2], ["LIMIT", 1]]
  Rendered layouts/_navigation.html.erb (5.8ms) [cache miss]
Completed 200 OK in 43ms (Views: 36.1ms | ActiveRecord: 1.1ms)


Started GET "/events/1/edit" for 127.0.0.1 at 2017-06-21 12:11:59 -0400
Processing by EventsController#edit as HTML
  Parameters: {"id"=>"1"}
  [1m[36mEvent Load (0.2ms)[0m  [1m[34mSELECT  "events".* FROM "events" WHERE "events"."id" = ? LIMIT ?[0m  [["id", 1], ["LIMIT", 1]]
  Rendering events/edit.html.erb within layouts/application
  [1m[36mUser Load (0.3ms)[0m  [1m[34mSELECT  "users".* FROM "users" WHERE "users"."id" = ? ORDER BY "users"."id" ASC LIMIT ?[0m  [["id", 2], ["LIMIT", 1]]
  Rendered events/_form.html.erb (4.5ms) [cache miss]
  Rendered events/edit.html.erb within layouts/application (8.1ms)
  Rendered layouts/_navigation.html.erb (0.9ms) [cache miss]
Completed 200 OK in 45ms (Views: 41.9ms | ActiveRecord: 0.5ms)


Started GET "/events/1/edit" for 127.0.0.1 at 2017-06-21 12:12:59 -0400
Processing by EventsController#edit as HTML
  Parameters: {"id"=>"1"}
  [1m[36mEvent Load (0.3ms)[0m  [1m[34mSELECT  "events".* FROM "events" WHERE "events"."id" = ? LIMIT ?[0m  [["id", 1], ["LIMIT", 1]]
  Rendering events/edit.html.erb within layouts/application
  [1m[36mUser Load (0.2ms)[0m  [1m[34mSELECT  "users".* FROM "users" WHERE "users"."id" = ? ORDER BY "users"."id" ASC LIMIT ?[0m  [["id", 2], ["LIMIT", 1]]
  Rendered events/_form.html.erb (24.3ms) [cache miss]
  Rendered events/edit.html.erb within layouts/application (27.4ms)
  Rendered layouts/_navigation.html.erb (1.6ms) [cache miss]
Completed 200 OK in 77ms (Views: 55.6ms | ActiveRecord: 2.7ms)


Started PATCH "/events/1" for 127.0.0.1 at 2017-06-21 12:13:09 -0400
Processing by EventsController#update as HTML
  Parameters: {"utf8"=>"✓", "authenticity_token"=>"QqfVqLfiipVAfWqbMPeAByTbaKa7/UPcDl5BGVGH7kyQlOmBi3tktETcFUTfBDuIuLuhOreDzG0XImofdYGNYw==", "event"=>{"title"=>"Housewarming update!", "organizer_id"=>"2", "note"=>"updated"}, "commit"=>"Update Event", "id"=>"1"}
  [1m[36mEvent Load (0.2ms)[0m  [1m[34mSELECT  "events".* FROM "events" WHERE "events"."id" = ? LIMIT ?[0m  [["id", 1], ["LIMIT", 1]]
  [1m[36mEvent Load (0.2ms)[0m  [1m[34mSELECT "events".* FROM "events"[0m
  [1m[35m (0.1ms)[0m  [1m[36mbegin transaction[0m
  [1m[36mUser Load (0.4ms)[0m  [1m[34mSELECT  "users".* FROM "users" WHERE "users"."id" = ? LIMIT ?[0m  [["id", 2], ["LIMIT", 1]]
  [1m[35mSQL (1.2ms)[0m  [1m[33mUPDATE "events" SET "title" = ?, "note" = ?, "updated_at" = ? WHERE "events"."id" = ?[0m  [["title", "Housewarming update!"], ["note", "updated"], ["updated_at", "2017-06-21 16:13:09.947284"], ["id", 1]]
  [1m[35m (1.0ms)[0m  [1m[36mcommit transaction[0m
Redirected to http://localhost:3000/events/1
Completed 302 Found in 28ms (ActiveRecord: 3.1ms)


Started GET "/events/1" for 127.0.0.1 at 2017-06-21 12:13:09 -0400
Processing by EventsController#show as HTML
  Parameters: {"id"=>"1"}
  [1m[36mEvent Load (0.2ms)[0m  [1m[34mSELECT  "events".* FROM "events" WHERE "events"."id" = ? LIMIT ?[0m  [["id", 1], ["LIMIT", 1]]
  Rendering events/show.html.erb within layouts/application
  [1m[36mUser Load (0.2ms)[0m  [1m[34mSELECT  "users".* FROM "users" WHERE "users"."id" = ? LIMIT ?[0m  [["id", 2], ["LIMIT", 1]]
  Rendered events/show.html.erb within layouts/application (3.9ms)
  [1m[36mUser Load (0.2ms)[0m  [1m[34mSELECT  "users".* FROM "users" WHERE "users"."id" = ? ORDER BY "users"."id" ASC LIMIT ?[0m  [["id", 2], ["LIMIT", 1]]
  Rendered layouts/_navigation.html.erb (2.1ms) [cache miss]
Completed 200 OK in 40ms (Views: 36.8ms | ActiveRecord: 0.6ms)


  [1m[36mUser Load (1.9ms)[0m  [1m[34mSELECT  "users".* FROM "users" LIMIT ?[0m  [["LIMIT", 11]]
  [1m[36mUser Load (0.3ms)[0m  [1m[34mSELECT  "users".* FROM "users" ORDER BY "users"."id" ASC LIMIT ?[0m  [["LIMIT", 1]]
  [1m[36mEvent Load (0.1ms)[0m  [1m[34mSELECT  "events".* FROM "events" LIMIT ?[0m  [["LIMIT", 11]]
  [1m[36mEvent Load (0.3ms)[0m  [1m[34mSELECT  "events".* FROM "events" ORDER BY "events"."id" ASC LIMIT ?[0m  [["LIMIT", 1]]
  [1m[36mEvent Load (0.2ms)[0m  [1m[34mSELECT  "events".* FROM "events" ORDER BY "events"."id" ASC LIMIT ?[0m  [["LIMIT", 1]]
  [1m[36mUser Load (0.2ms)[0m  [1m[34mSELECT  "users".* FROM "users" WHERE "users"."id" = ? LIMIT ?[0m  [["id", 2], ["LIMIT", 1]]
  [1m[36mUser Load (0.4ms)[0m  [1m[34mSELECT  "users".* FROM "users" ORDER BY "users"."id" ASC LIMIT ? OFFSET ?[0m  [["LIMIT", 1], ["OFFSET", 1]]
  [1m[36mEvent Load (0.5ms)[0m  [1m[34mSELECT  "events".* FROM "events" WHERE "events"."user_id" = ? LIMIT ?[0m  [["user_id", 2], ["LIMIT", 11]]
  [1m[36mEvent Load (0.4ms)[0m  [1m[34mSELECT  "events".* FROM "events" WHERE "events"."user_id" = ? LIMIT ?[0m  [["user_id", 2], ["LIMIT", 11]]
  [1m[36mEvent Load (0.2ms)[0m  [1m[34mSELECT  "events".* FROM "events" ORDER BY "events"."id" ASC LIMIT ?[0m  [["LIMIT", 1]]
  [1m[36mEvent Load (0.1ms)[0m  [1m[34mSELECT  "events".* FROM "events" ORDER BY "events"."id" ASC LIMIT ?[0m  [["LIMIT", 1]]
  [1m[36mUser Load (0.2ms)[0m  [1m[34mSELECT  "users".* FROM "users" WHERE "users"."id" = ? LIMIT ?[0m  [["id", 2], ["LIMIT", 1]]
  [1m[36mUser Load (0.5ms)[0m  [1m[34mSELECT  "users".* FROM "users" ORDER BY "users"."id" ASC LIMIT ? OFFSET ?[0m  [["LIMIT", 1], ["OFFSET", 1]]
  [1m[36mEvent Load (0.2ms)[0m  [1m[34mSELECT  "events".* FROM "events" WHERE "events"."organizer_id" = ? LIMIT ?[0m  [["organizer_id", 2], ["LIMIT", 11]]
Started GET "/events/1" for 127.0.0.1 at 2017-06-21 12:24:53 -0400
  [1m[35m (0.1ms)[0m  [1m[34mSELECT "schema_migrations"."version" FROM "schema_migrations" ORDER BY "schema_migrations"."version" ASC[0m
Processing by EventsController#show as HTML
  Parameters: {"id"=>"1"}
  [1m[36mEvent Load (0.2ms)[0m  [1m[34mSELECT  "events".* FROM "events" WHERE "events"."id" = ? LIMIT ?[0m  [["id", 1], ["LIMIT", 1]]
  Rendering events/show.html.erb within layouts/application
  [1m[36mUser Load (0.6ms)[0m  [1m[34mSELECT  "users".* FROM "users" WHERE "users"."id" = ? LIMIT ?[0m  [["id", 2], ["LIMIT", 1]]
  Rendered events/show.html.erb within layouts/application (42.9ms)
  [1m[36mUser Load (0.3ms)[0m  [1m[34mSELECT  "users".* FROM "users" WHERE "users"."id" = ? ORDER BY "users"."id" ASC LIMIT ?[0m  [["id", 2], ["LIMIT", 1]]
  Rendered layouts/_navigation.html.erb (2.9ms) [cache miss]
Completed 200 OK in 247ms (Views: 216.5ms | ActiveRecord: 2.5ms)


Started GET "/users/2" for 127.0.0.1 at 2017-06-21 12:24:55 -0400
Processing by UsersController#show as HTML
  Parameters: {"id"=>"2"}
  Rendering users/show.html.erb within layouts/application
  Rendered users/show.html.erb within layouts/application (0.4ms)
  [1m[36mUser Load (0.2ms)[0m  [1m[34mSELECT  "users".* FROM "users" WHERE "users"."id" = ? ORDER BY "users"."id" ASC LIMIT ?[0m  [["id", 2], ["LIMIT", 1]]
  Rendered layouts/_navigation.html.erb (1.9ms) [cache miss]
Completed 200 OK in 24ms (Views: 22.2ms | ActiveRecord: 0.2ms)


